{"C:\\Users\\shuam\\OneDrive\\Documents\\github projects\\checkmate-mcp\\src\\app.ts": {"path":"C:\\Users\\shuam\\OneDrive\\Documents\\github projects\\checkmate-mcp\\src\\app.ts","statementMap":{"0":{"start":{"line":10,"column":29},"end":{"line":19,"column":null}},"1":{"start":{"line":21,"column":33},"end":{"line":23,"column":null}},"2":{"start":{"line":25,"column":34},"end":{"line":30,"column":null}},"3":{"start":{"line":41,"column":8},"end":{"line":41,"column":null}},"4":{"start":{"line":42,"column":2},"end":{"line":42,"column":null}},"5":{"start":{"line":43,"column":2},"end":{"line":43,"column":null}},"6":{"start":{"line":49,"column":2},"end":{"line":57,"column":null}},"7":{"start":{"line":50,"column":29},"end":{"line":50,"column":null}},"8":{"start":{"line":51,"column":4},"end":{"line":56,"column":null}},"9":{"start":{"line":63,"column":2},"end":{"line":114,"column":null}},"10":{"start":{"line":64,"column":23},"end":{"line":64,"column":null}},"11":{"start":{"line":65,"column":4},"end":{"line":68,"column":null}},"12":{"start":{"line":66,"column":6},"end":{"line":66,"column":null}},"13":{"start":{"line":67,"column":6},"end":{"line":67,"column":null}},"14":{"start":{"line":70,"column":23},"end":{"line":70,"column":null}},"15":{"start":{"line":71,"column":4},"end":{"line":74,"column":null}},"16":{"start":{"line":72,"column":6},"end":{"line":72,"column":null}},"17":{"start":{"line":73,"column":6},"end":{"line":73,"column":null}},"18":{"start":{"line":75,"column":24},"end":{"line":75,"column":null}},"19":{"start":{"line":77,"column":4},"end":{"line":77,"column":null}},"20":{"start":{"line":79,"column":4},"end":{"line":113,"column":null}},"21":{"start":{"line":80,"column":23},"end":{"line":87,"column":null}},"22":{"start":{"line":89,"column":6},"end":{"line":92,"column":null}},"23":{"start":{"line":90,"column":8},"end":{"line":90,"column":null}},"24":{"start":{"line":91,"column":8},"end":{"line":91,"column":null}},"25":{"start":{"line":94,"column":6},"end":{"line":94,"column":null}},"26":{"start":{"line":95,"column":6},"end":{"line":95,"column":null}},"27":{"start":{"line":96,"column":6},"end":{"line":96,"column":null}},"28":{"start":{"line":97,"column":6},"end":{"line":97,"column":null}},"29":{"start":{"line":99,"column":21},"end":{"line":99,"column":null}},"30":{"start":{"line":100,"column":6},"end":{"line":100,"column":null}},"31":{"start":{"line":100,"column":21},"end":{"line":100,"column":32}},"32":{"start":{"line":100,"column":32},"end":{"line":100,"column":40}},"33":{"start":{"line":102,"column":6},"end":{"line":102,"column":null}},"34":{"start":{"line":102,"column":28},"end":{"line":102,"column":43}},"35":{"start":{"line":104,"column":6},"end":{"line":108,"column":null}},"36":{"start":{"line":105,"column":32},"end":{"line":105,"column":null}},"37":{"start":{"line":106,"column":8},"end":{"line":106,"column":null}},"38":{"start":{"line":106,"column":18},"end":{"line":106,"column":null}},"39":{"start":{"line":107,"column":8},"end":{"line":107,"column":null}},"40":{"start":{"line":109,"column":6},"end":{"line":109,"column":null}},"41":{"start":{"line":111,"column":6},"end":{"line":111,"column":null}},"42":{"start":{"line":112,"column":6},"end":{"line":112,"column":null}},"43":{"start":{"line":120,"column":2},"end":{"line":165,"column":null}},"44":{"start":{"line":121,"column":23},"end":{"line":121,"column":null}},"45":{"start":{"line":122,"column":4},"end":{"line":125,"column":null}},"46":{"start":{"line":123,"column":6},"end":{"line":123,"column":null}},"47":{"start":{"line":124,"column":6},"end":{"line":124,"column":null}},"48":{"start":{"line":126,"column":56},"end":{"line":126,"column":null}},"49":{"start":{"line":128,"column":4},"end":{"line":131,"column":null}},"50":{"start":{"line":133,"column":4},"end":{"line":164,"column":null}},"51":{"start":{"line":134,"column":23},"end":{"line":138,"column":null}},"52":{"start":{"line":140,"column":6},"end":{"line":143,"column":null}},"53":{"start":{"line":141,"column":8},"end":{"line":141,"column":null}},"54":{"start":{"line":142,"column":8},"end":{"line":142,"column":null}},"55":{"start":{"line":145,"column":6},"end":{"line":145,"column":null}},"56":{"start":{"line":146,"column":6},"end":{"line":146,"column":null}},"57":{"start":{"line":147,"column":6},"end":{"line":147,"column":null}},"58":{"start":{"line":148,"column":6},"end":{"line":148,"column":null}},"59":{"start":{"line":150,"column":21},"end":{"line":150,"column":null}},"60":{"start":{"line":151,"column":6},"end":{"line":151,"column":null}},"61":{"start":{"line":151,"column":21},"end":{"line":151,"column":32}},"62":{"start":{"line":151,"column":32},"end":{"line":151,"column":40}},"63":{"start":{"line":153,"column":6},"end":{"line":153,"column":null}},"64":{"start":{"line":153,"column":28},"end":{"line":153,"column":43}},"65":{"start":{"line":155,"column":6},"end":{"line":159,"column":null}},"66":{"start":{"line":156,"column":32},"end":{"line":156,"column":null}},"67":{"start":{"line":157,"column":8},"end":{"line":157,"column":null}},"68":{"start":{"line":157,"column":18},"end":{"line":157,"column":null}},"69":{"start":{"line":158,"column":8},"end":{"line":158,"column":null}},"70":{"start":{"line":160,"column":6},"end":{"line":160,"column":null}},"71":{"start":{"line":162,"column":6},"end":{"line":162,"column":null}},"72":{"start":{"line":163,"column":6},"end":{"line":163,"column":null}},"73":{"start":{"line":167,"column":2},"end":{"line":167,"column":null}}},"fnMap":{"0":{"name":"createApp","decl":{"start":{"line":36,"column":16},"end":{"line":36,"column":null}},"loc":{"start":{"line":40,"column":23},"end":{"line":168,"column":null}},"line":40},"1":{"name":"(anonymous_1)","decl":{"start":{"line":49,"column":21},"end":{"line":49,"column":28}},"loc":{"start":{"line":49,"column":42},"end":{"line":57,"column":3}},"line":49},"2":{"name":"(anonymous_2)","decl":{"start":{"line":63,"column":56},"end":{"line":63,"column":63}},"loc":{"start":{"line":63,"column":76},"end":{"line":114,"column":3}},"line":63},"3":{"name":"(anonymous_3)","decl":{"start":{"line":102,"column":22},"end":{"line":102,"column":28}},"loc":{"start":{"line":102,"column":28},"end":{"line":102,"column":43}},"line":102},"4":{"name":"(anonymous_4)","decl":{"start":{"line":120,"column":46},"end":{"line":120,"column":53}},"loc":{"start":{"line":120,"column":66},"end":{"line":165,"column":3}},"line":120},"5":{"name":"(anonymous_5)","decl":{"start":{"line":153,"column":22},"end":{"line":153,"column":28}},"loc":{"start":{"line":153,"column":28},"end":{"line":153,"column":43}},"line":153}},"branchMap":{"0":{"loc":{"start":{"line":39,"column":2},"end":{"line":39,"column":null}},"type":"default-arg","locations":[{"start":{"line":39,"column":26},"end":{"line":39,"column":null}}],"line":39},"1":{"loc":{"start":{"line":54,"column":17},"end":{"line":54,"column":null}},"type":"cond-expr","locations":[{"start":{"line":54,"column":36},"end":{"line":54,"column":50}},{"start":{"line":54,"column":50},"end":{"line":54,"column":null}}],"line":54},"2":{"loc":{"start":{"line":65,"column":4},"end":{"line":68,"column":null}},"type":"if","locations":[{"start":{"line":65,"column":4},"end":{"line":68,"column":null}},{"start":{},"end":{}}],"line":65},"3":{"loc":{"start":{"line":65,"column":8},"end":{"line":65,"column":46}},"type":"binary-expr","locations":[{"start":{"line":65,"column":8},"end":{"line":65,"column":29}},{"start":{"line":65,"column":29},"end":{"line":65,"column":46}}],"line":65},"4":{"loc":{"start":{"line":71,"column":4},"end":{"line":74,"column":null}},"type":"if","locations":[{"start":{"line":71,"column":4},"end":{"line":74,"column":null}},{"start":{},"end":{}}],"line":71},"5":{"loc":{"start":{"line":85,"column":42},"end":{"line":85,"column":73}},"type":"binary-expr","locations":[{"start":{"line":85,"column":42},"end":{"line":85,"column":53}},{"start":{"line":85,"column":53},"end":{"line":85,"column":73}}],"line":85},"6":{"loc":{"start":{"line":89,"column":6},"end":{"line":92,"column":null}},"type":"if","locations":[{"start":{"line":89,"column":6},"end":{"line":92,"column":null}},{"start":{},"end":{}}],"line":89},"7":{"loc":{"start":{"line":100,"column":6},"end":{"line":100,"column":null}},"type":"if","locations":[{"start":{"line":100,"column":6},"end":{"line":100,"column":null}},{"start":{},"end":{}}],"line":100},"8":{"loc":{"start":{"line":106,"column":8},"end":{"line":106,"column":null}},"type":"if","locations":[{"start":{"line":106,"column":8},"end":{"line":106,"column":null}},{"start":{},"end":{}}],"line":106},"9":{"loc":{"start":{"line":112,"column":36},"end":{"line":112,"column":91}},"type":"cond-expr","locations":[{"start":{"line":112,"column":61},"end":{"line":112,"column":77}},{"start":{"line":112,"column":77},"end":{"line":112,"column":91}}],"line":112},"10":{"loc":{"start":{"line":122,"column":4},"end":{"line":125,"column":null}},"type":"if","locations":[{"start":{"line":122,"column":4},"end":{"line":125,"column":null}},{"start":{},"end":{}}],"line":122},"11":{"loc":{"start":{"line":140,"column":6},"end":{"line":143,"column":null}},"type":"if","locations":[{"start":{"line":140,"column":6},"end":{"line":143,"column":null}},{"start":{},"end":{}}],"line":140},"12":{"loc":{"start":{"line":151,"column":6},"end":{"line":151,"column":null}},"type":"if","locations":[{"start":{"line":151,"column":6},"end":{"line":151,"column":null}},{"start":{},"end":{}}],"line":151},"13":{"loc":{"start":{"line":157,"column":8},"end":{"line":157,"column":null}},"type":"if","locations":[{"start":{"line":157,"column":8},"end":{"line":157,"column":null}},{"start":{},"end":{}}],"line":157},"14":{"loc":{"start":{"line":163,"column":36},"end":{"line":163,"column":91}},"type":"cond-expr","locations":[{"start":{"line":163,"column":61},"end":{"line":163,"column":77}},{"start":{"line":163,"column":77},"end":{"line":163,"column":91}}],"line":163}},"s":{"0":1,"1":1,"2":1,"3":1,"4":1,"5":1,"6":1,"7":2,"8":2,"9":1,"10":8,"11":8,"12":2,"13":2,"14":6,"15":6,"16":1,"17":1,"18":5,"19":5,"20":5,"21":5,"22":3,"23":1,"24":1,"25":2,"26":2,"27":2,"28":2,"29":2,"30":8,"31":1,"32":1,"33":1,"34":0,"35":1,"36":2,"37":2,"38":1,"39":1,"40":1,"41":2,"42":2,"43":1,"44":8,"45":8,"46":3,"47":3,"48":5,"49":5,"50":5,"51":5,"52":3,"53":1,"54":1,"55":2,"56":2,"57":2,"58":2,"59":2,"60":8,"61":1,"62":1,"63":1,"64":0,"65":1,"66":2,"67":2,"68":1,"69":1,"70":1,"71":2,"72":2,"73":1},"f":{"0":1,"1":2,"2":8,"3":0,"4":8,"5":0},"b":{"0":[1],"1":[1,1],"2":[2,6],"3":[8,7],"4":[1,5],"5":[5,4],"6":[1,2],"7":[1,7],"8":[1,1],"9":[1,1],"10":[3,5],"11":[1,2],"12":[1,7],"13":[1,1],"14":[1,1]},"meta":{"lastBranch":15,"lastFunction":6,"lastStatement":74,"seen":{"s:10:29:19:Infinity":0,"s:21:33:23:Infinity":1,"s:25:34:30:Infinity":2,"f:36:16:36:Infinity":0,"b:39:26:39:Infinity":0,"s:41:8:41:Infinity":3,"s:42:2:42:Infinity":4,"s:43:2:43:Infinity":5,"s:49:2:57:Infinity":6,"f:49:21:49:28":1,"s:50:29:50:Infinity":7,"s:51:4:56:Infinity":8,"b:54:36:54:50:54:50:54:Infinity":1,"s:63:2:114:Infinity":9,"f:63:56:63:63":2,"s:64:23:64:Infinity":10,"b:65:4:68:Infinity:undefined:undefined:undefined:undefined":2,"s:65:4:68:Infinity":11,"b:65:8:65:29:65:29:65:46":3,"s:66:6:66:Infinity":12,"s:67:6:67:Infinity":13,"s:70:23:70:Infinity":14,"b:71:4:74:Infinity:undefined:undefined:undefined:undefined":4,"s:71:4:74:Infinity":15,"s:72:6:72:Infinity":16,"s:73:6:73:Infinity":17,"s:75:24:75:Infinity":18,"s:77:4:77:Infinity":19,"s:79:4:113:Infinity":20,"s:80:23:87:Infinity":21,"b:85:42:85:53:85:53:85:73":5,"b:89:6:92:Infinity:undefined:undefined:undefined:undefined":6,"s:89:6:92:Infinity":22,"s:90:8:90:Infinity":23,"s:91:8:91:Infinity":24,"s:94:6:94:Infinity":25,"s:95:6:95:Infinity":26,"s:96:6:96:Infinity":27,"s:97:6:97:Infinity":28,"s:99:21:99:Infinity":29,"b:100:6:100:Infinity:undefined:undefined:undefined:undefined":7,"s:100:6:100:Infinity":30,"s:100:21:100:32":31,"s:100:32:100:40":32,"s:102:6:102:Infinity":33,"f:102:22:102:28":3,"s:102:28:102:43":34,"s:104:6:108:Infinity":35,"s:105:32:105:Infinity":36,"b:106:8:106:Infinity:undefined:undefined:undefined:undefined":8,"s:106:8:106:Infinity":37,"s:106:18:106:Infinity":38,"s:107:8:107:Infinity":39,"s:109:6:109:Infinity":40,"s:111:6:111:Infinity":41,"s:112:6:112:Infinity":42,"b:112:61:112:77:112:77:112:91":9,"s:120:2:165:Infinity":43,"f:120:46:120:53":4,"s:121:23:121:Infinity":44,"b:122:4:125:Infinity:undefined:undefined:undefined:undefined":10,"s:122:4:125:Infinity":45,"s:123:6:123:Infinity":46,"s:124:6:124:Infinity":47,"s:126:56:126:Infinity":48,"s:128:4:131:Infinity":49,"s:133:4:164:Infinity":50,"s:134:23:138:Infinity":51,"b:140:6:143:Infinity:undefined:undefined:undefined:undefined":11,"s:140:6:143:Infinity":52,"s:141:8:141:Infinity":53,"s:142:8:142:Infinity":54,"s:145:6:145:Infinity":55,"s:146:6:146:Infinity":56,"s:147:6:147:Infinity":57,"s:148:6:148:Infinity":58,"s:150:21:150:Infinity":59,"b:151:6:151:Infinity:undefined:undefined:undefined:undefined":12,"s:151:6:151:Infinity":60,"s:151:21:151:32":61,"s:151:32:151:40":62,"s:153:6:153:Infinity":63,"f:153:22:153:28":5,"s:153:28:153:43":64,"s:155:6:159:Infinity":65,"s:156:32:156:Infinity":66,"b:157:8:157:Infinity:undefined:undefined:undefined:undefined":13,"s:157:8:157:Infinity":67,"s:157:18:157:Infinity":68,"s:158:8:158:Infinity":69,"s:160:6:160:Infinity":70,"s:162:6:162:Infinity":71,"s:163:6:163:Infinity":72,"b:163:61:163:77:163:77:163:91":14,"s:167:2:167:Infinity":73}}}
,"C:\\Users\\shuam\\OneDrive\\Documents\\github projects\\checkmate-mcp\\src\\checkmate-client.ts": {"path":"C:\\Users\\shuam\\OneDrive\\Documents\\github projects\\checkmate-mcp\\src\\checkmate-client.ts","statementMap":{"0":{"start":{"line":22,"column":4},"end":{"line":22,"column":null}},"1":{"start":{"line":30,"column":21},"end":{"line":30,"column":null}},"2":{"start":{"line":31,"column":4},"end":{"line":33,"column":null}},"3":{"start":{"line":32,"column":6},"end":{"line":32,"column":null}},"4":{"start":{"line":34,"column":4},"end":{"line":34,"column":null}},"5":{"start":{"line":38,"column":21},"end":{"line":38,"column":null}},"6":{"start":{"line":39,"column":4},"end":{"line":41,"column":null}},"7":{"start":{"line":40,"column":6},"end":{"line":40,"column":null}},"8":{"start":{"line":42,"column":4},"end":{"line":42,"column":null}},"9":{"start":{"line":50,"column":21},"end":{"line":50,"column":null}},"10":{"start":{"line":51,"column":4},"end":{"line":53,"column":null}},"11":{"start":{"line":52,"column":6},"end":{"line":52,"column":null}},"12":{"start":{"line":54,"column":34},"end":{"line":54,"column":null}},"13":{"start":{"line":57,"column":4},"end":{"line":62,"column":null}},"14":{"start":{"line":57,"column":34},"end":{"line":62,"column":6}},"15":{"start":{"line":66,"column":21},"end":{"line":66,"column":null}},"16":{"start":{"line":67,"column":4},"end":{"line":69,"column":null}},"17":{"start":{"line":68,"column":6},"end":{"line":68,"column":null}},"18":{"start":{"line":70,"column":25},"end":{"line":70,"column":null}},"19":{"start":{"line":72,"column":4},"end":{"line":77,"column":null}},"20":{"start":{"line":85,"column":21},"end":{"line":85,"column":null}},"21":{"start":{"line":86,"column":4},"end":{"line":88,"column":null}},"22":{"start":{"line":87,"column":6},"end":{"line":87,"column":null}},"23":{"start":{"line":89,"column":32},"end":{"line":89,"column":null}},"24":{"start":{"line":91,"column":4},"end":{"line":94,"column":null}},"25":{"start":{"line":91,"column":32},"end":{"line":94,"column":6}},"26":{"start":{"line":98,"column":21},"end":{"line":98,"column":null}},"27":{"start":{"line":99,"column":4},"end":{"line":101,"column":null}},"28":{"start":{"line":100,"column":6},"end":{"line":100,"column":null}},"29":{"start":{"line":102,"column":23},"end":{"line":102,"column":null}},"30":{"start":{"line":104,"column":4},"end":{"line":107,"column":null}},"31":{"start":{"line":119,"column":21},"end":{"line":126,"column":null}},"32":{"start":{"line":128,"column":4},"end":{"line":131,"column":null}},"33":{"start":{"line":129,"column":24},"end":{"line":129,"column":null}},"34":{"start":{"line":130,"column":6},"end":{"line":130,"column":null}},"35":{"start":{"line":133,"column":4},"end":{"line":133,"column":null}},"36":{"start":{"line":144,"column":42},"end":{"line":144,"column":null}},"37":{"start":{"line":145,"column":4},"end":{"line":145,"column":null}},"38":{"start":{"line":145,"column":26},"end":{"line":145,"column":null}},"39":{"start":{"line":146,"column":4},"end":{"line":151,"column":null}},"40":{"start":{"line":147,"column":6},"end":{"line":150,"column":null}},"41":{"start":{"line":153,"column":21},"end":{"line":163,"column":null}},"42":{"start":{"line":165,"column":4},"end":{"line":168,"column":null}},"43":{"start":{"line":166,"column":24},"end":{"line":166,"column":null}},"44":{"start":{"line":167,"column":6},"end":{"line":167,"column":null}},"45":{"start":{"line":170,"column":4},"end":{"line":170,"column":null}},"46":{"start":{"line":182,"column":42},"end":{"line":185,"column":null}},"47":{"start":{"line":186,"column":4},"end":{"line":186,"column":null}},"48":{"start":{"line":186,"column":26},"end":{"line":186,"column":null}},"49":{"start":{"line":187,"column":4},"end":{"line":187,"column":null}},"50":{"start":{"line":187,"column":29},"end":{"line":187,"column":null}},"51":{"start":{"line":189,"column":21},"end":{"line":196,"column":null}},"52":{"start":{"line":198,"column":4},"end":{"line":201,"column":null}},"53":{"start":{"line":199,"column":24},"end":{"line":199,"column":null}},"54":{"start":{"line":200,"column":6},"end":{"line":200,"column":null}},"55":{"start":{"line":203,"column":4},"end":{"line":203,"column":null}},"56":{"start":{"line":211,"column":19},"end":{"line":211,"column":null}},"57":{"start":{"line":212,"column":4},"end":{"line":214,"column":null}},"58":{"start":{"line":213,"column":6},"end":{"line":213,"column":null}},"59":{"start":{"line":216,"column":20},"end":{"line":216,"column":null}},"60":{"start":{"line":217,"column":17},"end":{"line":217,"column":null}},"61":{"start":{"line":219,"column":4},"end":{"line":259,"column":null}},"62":{"start":{"line":220,"column":6},"end":{"line":243,"column":null}},"63":{"start":{"line":221,"column":32},"end":{"line":221,"column":null}},"64":{"start":{"line":222,"column":8},"end":{"line":222,"column":null}},"65":{"start":{"line":222,"column":18},"end":{"line":222,"column":null}},"66":{"start":{"line":224,"column":8},"end":{"line":224,"column":null}},"67":{"start":{"line":227,"column":22},"end":{"line":227,"column":null}},"68":{"start":{"line":228,"column":8},"end":{"line":228,"column":null}},"69":{"start":{"line":230,"column":8},"end":{"line":242,"column":null}},"70":{"start":{"line":231,"column":10},"end":{"line":241,"column":null}},"71":{"start":{"line":232,"column":25},"end":{"line":232,"column":null}},"72":{"start":{"line":233,"column":12},"end":{"line":240,"column":null}},"73":{"start":{"line":234,"column":14},"end":{"line":239,"column":null}},"74":{"start":{"line":235,"column":40},"end":{"line":235,"column":null}},"75":{"start":{"line":236,"column":16},"end":{"line":236,"column":null}},"76":{"start":{"line":238,"column":16},"end":{"line":238,"column":null}},"77":{"start":{"line":246,"column":6},"end":{"line":256,"column":null}},"78":{"start":{"line":247,"column":21},"end":{"line":247,"column":null}},"79":{"start":{"line":248,"column":8},"end":{"line":255,"column":null}},"80":{"start":{"line":249,"column":10},"end":{"line":254,"column":null}},"81":{"start":{"line":250,"column":36},"end":{"line":250,"column":null}},"82":{"start":{"line":251,"column":12},"end":{"line":251,"column":null}},"83":{"start":{"line":253,"column":12},"end":{"line":253,"column":null}},"84":{"start":{"line":258,"column":6},"end":{"line":258,"column":null}},"85":{"start":{"line":267,"column":4},"end":{"line":272,"column":null}},"86":{"start":{"line":268,"column":23},"end":{"line":268,"column":null}},"87":{"start":{"line":269,"column":6},"end":{"line":269,"column":null}},"88":{"start":{"line":271,"column":6},"end":{"line":271,"column":null}}},"fnMap":{"0":{"name":"(anonymous_0)","decl":{"start":{"line":21,"column":2},"end":{"line":21,"column":14}},"loc":{"start":{"line":21,"column":57},"end":{"line":23,"column":null}},"line":21},"1":{"name":"(anonymous_1)","decl":{"start":{"line":29,"column":8},"end":{"line":29,"column":43}},"loc":{"start":{"line":29,"column":43},"end":{"line":35,"column":null}},"line":29},"2":{"name":"(anonymous_2)","decl":{"start":{"line":37,"column":8},"end":{"line":37,"column":19}},"loc":{"start":{"line":37,"column":56},"end":{"line":43,"column":null}},"line":37},"3":{"name":"(anonymous_3)","decl":{"start":{"line":49,"column":8},"end":{"line":49,"column":22}},"loc":{"start":{"line":49,"column":68},"end":{"line":63,"column":null}},"line":49},"4":{"name":"(anonymous_4)","decl":{"start":{"line":57,"column":25},"end":{"line":57,"column":26}},"loc":{"start":{"line":57,"column":34},"end":{"line":62,"column":6}},"line":57},"5":{"name":"(anonymous_5)","decl":{"start":{"line":65,"column":8},"end":{"line":65,"column":20}},"loc":{"start":{"line":65,"column":65},"end":{"line":78,"column":null}},"line":65},"6":{"name":"(anonymous_6)","decl":{"start":{"line":84,"column":8},"end":{"line":84,"column":21}},"loc":{"start":{"line":84,"column":66},"end":{"line":95,"column":null}},"line":84},"7":{"name":"(anonymous_7)","decl":{"start":{"line":91,"column":24},"end":{"line":91,"column":25}},"loc":{"start":{"line":91,"column":32},"end":{"line":94,"column":6}},"line":91},"8":{"name":"(anonymous_8)","decl":{"start":{"line":97,"column":8},"end":{"line":97,"column":19}},"loc":{"start":{"line":97,"column":62},"end":{"line":108,"column":null}},"line":97},"9":{"name":"(anonymous_9)","decl":{"start":{"line":114,"column":8},"end":{"line":114,"column":null}},"loc":{"start":{"line":118,"column":28},"end":{"line":134,"column":null}},"line":118},"10":{"name":"(anonymous_10)","decl":{"start":{"line":140,"column":9},"end":{"line":140,"column":null}},"loc":{"start":{"line":143,"column":30},"end":{"line":171,"column":null}},"line":143},"11":{"name":"(anonymous_11)","decl":{"start":{"line":177,"column":9},"end":{"line":177,"column":null}},"loc":{"start":{"line":181,"column":30},"end":{"line":204,"column":null}},"line":181},"12":{"name":"(anonymous_12)","decl":{"start":{"line":210,"column":17},"end":{"line":210,"column":32}},"loc":{"start":{"line":210,"column":78},"end":{"line":260,"column":null}},"line":210},"13":{"name":"(anonymous_13)","decl":{"start":{"line":266,"column":8},"end":{"line":266,"column":40}},"loc":{"start":{"line":266,"column":40},"end":{"line":273,"column":null}},"line":266}},"branchMap":{"0":{"loc":{"start":{"line":21,"column":14},"end":{"line":21,"column":57}},"type":"default-arg","locations":[{"start":{"line":21,"column":32},"end":{"line":21,"column":57}}],"line":21},"1":{"loc":{"start":{"line":31,"column":4},"end":{"line":33,"column":null}},"type":"if","locations":[{"start":{"line":31,"column":4},"end":{"line":33,"column":null}},{"start":{},"end":{}}],"line":31},"2":{"loc":{"start":{"line":39,"column":4},"end":{"line":41,"column":null}},"type":"if","locations":[{"start":{"line":39,"column":4},"end":{"line":41,"column":null}},{"start":{},"end":{}}],"line":39},"3":{"loc":{"start":{"line":51,"column":4},"end":{"line":53,"column":null}},"type":"if","locations":[{"start":{"line":51,"column":4},"end":{"line":53,"column":null}},{"start":{},"end":{}}],"line":51},"4":{"loc":{"start":{"line":59,"column":13},"end":{"line":59,"column":null}},"type":"cond-expr","locations":[{"start":{"line":59,"column":24},"end":{"line":59,"column":47}},{"start":{"line":59,"column":47},"end":{"line":59,"column":null}}],"line":59},"5":{"loc":{"start":{"line":60,"column":12},"end":{"line":60,"column":null}},"type":"cond-expr","locations":[{"start":{"line":60,"column":22},"end":{"line":60,"column":44}},{"start":{"line":60,"column":44},"end":{"line":60,"column":null}}],"line":60},"6":{"loc":{"start":{"line":61,"column":19},"end":{"line":61,"column":null}},"type":"cond-expr","locations":[{"start":{"line":61,"column":36},"end":{"line":61,"column":65}},{"start":{"line":61,"column":65},"end":{"line":61,"column":null}}],"line":61},"7":{"loc":{"start":{"line":67,"column":4},"end":{"line":69,"column":null}},"type":"if","locations":[{"start":{"line":67,"column":4},"end":{"line":69,"column":null}},{"start":{},"end":{}}],"line":67},"8":{"loc":{"start":{"line":74,"column":13},"end":{"line":74,"column":null}},"type":"cond-expr","locations":[{"start":{"line":74,"column":24},"end":{"line":74,"column":47}},{"start":{"line":74,"column":47},"end":{"line":74,"column":null}}],"line":74},"9":{"loc":{"start":{"line":75,"column":12},"end":{"line":75,"column":null}},"type":"cond-expr","locations":[{"start":{"line":75,"column":22},"end":{"line":75,"column":44}},{"start":{"line":75,"column":44},"end":{"line":75,"column":null}}],"line":75},"10":{"loc":{"start":{"line":76,"column":19},"end":{"line":76,"column":null}},"type":"cond-expr","locations":[{"start":{"line":76,"column":36},"end":{"line":76,"column":65}},{"start":{"line":76,"column":65},"end":{"line":76,"column":null}}],"line":76},"11":{"loc":{"start":{"line":86,"column":4},"end":{"line":88,"column":null}},"type":"if","locations":[{"start":{"line":86,"column":4},"end":{"line":88,"column":null}},{"start":{},"end":{}}],"line":86},"12":{"loc":{"start":{"line":93,"column":19},"end":{"line":93,"column":null}},"type":"cond-expr","locations":[{"start":{"line":93,"column":35},"end":{"line":93,"column":63}},{"start":{"line":93,"column":63},"end":{"line":93,"column":null}}],"line":93},"13":{"loc":{"start":{"line":99,"column":4},"end":{"line":101,"column":null}},"type":"if","locations":[{"start":{"line":99,"column":4},"end":{"line":101,"column":null}},{"start":{},"end":{}}],"line":99},"14":{"loc":{"start":{"line":106,"column":19},"end":{"line":106,"column":null}},"type":"cond-expr","locations":[{"start":{"line":106,"column":35},"end":{"line":106,"column":63}},{"start":{"line":106,"column":63},"end":{"line":106,"column":null}}],"line":106},"15":{"loc":{"start":{"line":124,"column":21},"end":{"line":124,"column":null}},"type":"binary-expr","locations":[{"start":{"line":124,"column":21},"end":{"line":124,"column":35}},{"start":{"line":124,"column":35},"end":{"line":124,"column":null}}],"line":124},"16":{"loc":{"start":{"line":128,"column":4},"end":{"line":131,"column":null}},"type":"if","locations":[{"start":{"line":128,"column":4},"end":{"line":131,"column":null}},{"start":{},"end":{}}],"line":128},"17":{"loc":{"start":{"line":145,"column":4},"end":{"line":145,"column":null}},"type":"if","locations":[{"start":{"line":145,"column":4},"end":{"line":145,"column":null}},{"start":{},"end":{}}],"line":145},"18":{"loc":{"start":{"line":146,"column":4},"end":{"line":151,"column":null}},"type":"if","locations":[{"start":{"line":146,"column":4},"end":{"line":151,"column":null}},{"start":{},"end":{}}],"line":146},"19":{"loc":{"start":{"line":149,"column":20},"end":{"line":149,"column":null}},"type":"binary-expr","locations":[{"start":{"line":149,"column":20},"end":{"line":149,"column":41}},{"start":{"line":149,"column":41},"end":{"line":149,"column":null}}],"line":149},"20":{"loc":{"start":{"line":165,"column":4},"end":{"line":168,"column":null}},"type":"if","locations":[{"start":{"line":165,"column":4},"end":{"line":168,"column":null}},{"start":{},"end":{}}],"line":165},"21":{"loc":{"start":{"line":186,"column":4},"end":{"line":186,"column":null}},"type":"if","locations":[{"start":{"line":186,"column":4},"end":{"line":186,"column":null}},{"start":{},"end":{}}],"line":186},"22":{"loc":{"start":{"line":187,"column":4},"end":{"line":187,"column":null}},"type":"if","locations":[{"start":{"line":187,"column":4},"end":{"line":187,"column":null}},{"start":{},"end":{}}],"line":187},"23":{"loc":{"start":{"line":198,"column":4},"end":{"line":201,"column":null}},"type":"if","locations":[{"start":{"line":198,"column":4},"end":{"line":201,"column":null}},{"start":{},"end":{}}],"line":198},"24":{"loc":{"start":{"line":212,"column":4},"end":{"line":214,"column":null}},"type":"if","locations":[{"start":{"line":212,"column":4},"end":{"line":214,"column":null}},{"start":{},"end":{}}],"line":212},"25":{"loc":{"start":{"line":222,"column":8},"end":{"line":222,"column":null}},"type":"if","locations":[{"start":{"line":222,"column":8},"end":{"line":222,"column":null}},{"start":{},"end":{}}],"line":222},"26":{"loc":{"start":{"line":228,"column":17},"end":{"line":228,"column":null}},"type":"binary-expr","locations":[{"start":{"line":228,"column":17},"end":{"line":228,"column":32}},{"start":{"line":228,"column":32},"end":{"line":228,"column":null}}],"line":228},"27":{"loc":{"start":{"line":231,"column":10},"end":{"line":241,"column":null}},"type":"if","locations":[{"start":{"line":231,"column":10},"end":{"line":241,"column":null}},{"start":{},"end":{}}],"line":231},"28":{"loc":{"start":{"line":233,"column":12},"end":{"line":240,"column":null}},"type":"if","locations":[{"start":{"line":233,"column":12},"end":{"line":240,"column":null}},{"start":{},"end":{}}],"line":233},"29":{"loc":{"start":{"line":246,"column":6},"end":{"line":256,"column":null}},"type":"if","locations":[{"start":{"line":246,"column":6},"end":{"line":256,"column":null}},{"start":{},"end":{}}],"line":246},"30":{"loc":{"start":{"line":248,"column":8},"end":{"line":255,"column":null}},"type":"if","locations":[{"start":{"line":248,"column":8},"end":{"line":255,"column":null}},{"start":{},"end":{}}],"line":248}},"s":{"0":36,"1":4,"2":4,"3":1,"4":3,"5":2,"6":2,"7":1,"8":1,"9":3,"10":3,"11":1,"12":2,"13":2,"14":2,"15":3,"16":3,"17":1,"18":2,"19":2,"20":2,"21":2,"22":1,"23":1,"24":1,"25":1,"26":3,"27":3,"28":1,"29":2,"30":2,"31":3,"32":3,"33":1,"34":1,"35":2,"36":10,"37":10,"38":1,"39":10,"40":3,"41":10,"42":10,"43":1,"44":1,"45":9,"46":3,"47":3,"48":1,"49":3,"50":1,"51":3,"52":3,"53":1,"54":1,"55":2,"56":11,"57":11,"58":1,"59":10,"60":10,"61":10,"62":10,"63":20,"64":20,"65":10,"66":10,"67":10,"68":10,"69":20,"70":8,"71":8,"72":8,"73":8,"74":8,"75":8,"76":1,"77":10,"78":2,"79":2,"80":2,"81":2,"82":2,"83":1,"84":10,"85":3,"86":3,"87":2,"88":1},"f":{"0":36,"1":4,"2":2,"3":3,"4":2,"5":3,"6":2,"7":1,"8":3,"9":3,"10":10,"11":3,"12":11,"13":3},"b":{"0":[36],"1":[1,3],"2":[1,1],"3":[1,2],"4":[1,1],"5":[1,1],"6":[1,1],"7":[1,2],"8":[1,1],"9":[1,1],"10":[1,1],"11":[1,1],"12":[1,0],"13":[1,2],"14":[1,1],"15":[3,2],"16":[1,2],"17":[1,9],"18":[3,7],"19":[3,1],"20":[1,9],"21":[1,2],"22":[1,2],"23":[1,2],"24":[1,10],"25":[10,10],"26":[10,8],"27":[8,0],"28":[8,0],"29":[2,8],"30":[2,0]},"meta":{"lastBranch":31,"lastFunction":14,"lastStatement":89,"seen":{"f:21:2:21:14":0,"b:21:32:21:57":0,"s:22:4:22:Infinity":0,"f:29:8:29:43":1,"s:30:21:30:Infinity":1,"b:31:4:33:Infinity:undefined:undefined:undefined:undefined":1,"s:31:4:33:Infinity":2,"s:32:6:32:Infinity":3,"s:34:4:34:Infinity":4,"f:37:8:37:19":2,"s:38:21:38:Infinity":5,"b:39:4:41:Infinity:undefined:undefined:undefined:undefined":2,"s:39:4:41:Infinity":6,"s:40:6:40:Infinity":7,"s:42:4:42:Infinity":8,"f:49:8:49:22":3,"s:50:21:50:Infinity":9,"b:51:4:53:Infinity:undefined:undefined:undefined:undefined":3,"s:51:4:53:Infinity":10,"s:52:6:52:Infinity":11,"s:54:34:54:Infinity":12,"s:57:4:62:Infinity":13,"f:57:25:57:26":4,"s:57:34:62:6":14,"b:59:24:59:47:59:47:59:Infinity":4,"b:60:22:60:44:60:44:60:Infinity":5,"b:61:36:61:65:61:65:61:Infinity":6,"f:65:8:65:20":5,"s:66:21:66:Infinity":15,"b:67:4:69:Infinity:undefined:undefined:undefined:undefined":7,"s:67:4:69:Infinity":16,"s:68:6:68:Infinity":17,"s:70:25:70:Infinity":18,"s:72:4:77:Infinity":19,"b:74:24:74:47:74:47:74:Infinity":8,"b:75:22:75:44:75:44:75:Infinity":9,"b:76:36:76:65:76:65:76:Infinity":10,"f:84:8:84:21":6,"s:85:21:85:Infinity":20,"b:86:4:88:Infinity:undefined:undefined:undefined:undefined":11,"s:86:4:88:Infinity":21,"s:87:6:87:Infinity":22,"s:89:32:89:Infinity":23,"s:91:4:94:Infinity":24,"f:91:24:91:25":7,"s:91:32:94:6":25,"b:93:35:93:63:93:63:93:Infinity":12,"f:97:8:97:19":8,"s:98:21:98:Infinity":26,"b:99:4:101:Infinity:undefined:undefined:undefined:undefined":13,"s:99:4:101:Infinity":27,"s:100:6:100:Infinity":28,"s:102:23:102:Infinity":29,"s:104:4:107:Infinity":30,"b:106:35:106:63:106:63:106:Infinity":14,"f:114:8:114:Infinity":9,"s:119:21:126:Infinity":31,"b:124:21:124:35:124:35:124:Infinity":15,"b:128:4:131:Infinity:undefined:undefined:undefined:undefined":16,"s:128:4:131:Infinity":32,"s:129:24:129:Infinity":33,"s:130:6:130:Infinity":34,"s:133:4:133:Infinity":35,"f:140:9:140:Infinity":10,"s:144:42:144:Infinity":36,"b:145:4:145:Infinity:undefined:undefined:undefined:undefined":17,"s:145:4:145:Infinity":37,"s:145:26:145:Infinity":38,"b:146:4:151:Infinity:undefined:undefined:undefined:undefined":18,"s:146:4:151:Infinity":39,"s:147:6:150:Infinity":40,"b:149:20:149:41:149:41:149:Infinity":19,"s:153:21:163:Infinity":41,"b:165:4:168:Infinity:undefined:undefined:undefined:undefined":20,"s:165:4:168:Infinity":42,"s:166:24:166:Infinity":43,"s:167:6:167:Infinity":44,"s:170:4:170:Infinity":45,"f:177:9:177:Infinity":11,"s:182:42:185:Infinity":46,"b:186:4:186:Infinity:undefined:undefined:undefined:undefined":21,"s:186:4:186:Infinity":47,"s:186:26:186:Infinity":48,"b:187:4:187:Infinity:undefined:undefined:undefined:undefined":22,"s:187:4:187:Infinity":49,"s:187:29:187:Infinity":50,"s:189:21:196:Infinity":51,"b:198:4:201:Infinity:undefined:undefined:undefined:undefined":23,"s:198:4:201:Infinity":52,"s:199:24:199:Infinity":53,"s:200:6:200:Infinity":54,"s:203:4:203:Infinity":55,"f:210:17:210:32":12,"s:211:19:211:Infinity":56,"b:212:4:214:Infinity:undefined:undefined:undefined:undefined":24,"s:212:4:214:Infinity":57,"s:213:6:213:Infinity":58,"s:216:20:216:Infinity":59,"s:217:17:217:Infinity":60,"s:219:4:259:Infinity":61,"s:220:6:243:Infinity":62,"s:221:32:221:Infinity":63,"b:222:8:222:Infinity:undefined:undefined:undefined:undefined":25,"s:222:8:222:Infinity":64,"s:222:18:222:Infinity":65,"s:224:8:224:Infinity":66,"s:227:22:227:Infinity":67,"s:228:8:228:Infinity":68,"b:228:17:228:32:228:32:228:Infinity":26,"s:230:8:242:Infinity":69,"b:231:10:241:Infinity:undefined:undefined:undefined:undefined":27,"s:231:10:241:Infinity":70,"s:232:25:232:Infinity":71,"b:233:12:240:Infinity:undefined:undefined:undefined:undefined":28,"s:233:12:240:Infinity":72,"s:234:14:239:Infinity":73,"s:235:40:235:Infinity":74,"s:236:16:236:Infinity":75,"s:238:16:238:Infinity":76,"b:246:6:256:Infinity:undefined:undefined:undefined:undefined":29,"s:246:6:256:Infinity":77,"s:247:21:247:Infinity":78,"b:248:8:255:Infinity:undefined:undefined:undefined:undefined":30,"s:248:8:255:Infinity":79,"s:249:10:254:Infinity":80,"s:250:36:250:Infinity":81,"s:251:12:251:Infinity":82,"s:253:12:253:Infinity":83,"s:258:6:258:Infinity":84,"f:266:8:266:40":13,"s:267:4:272:Infinity":85,"s:268:23:268:Infinity":86,"s:269:6:269:Infinity":87,"s:271:6:271:Infinity":88}}}
,"C:\\Users\\shuam\\OneDrive\\Documents\\github projects\\checkmate-mcp\\src\\load-ui.ts": {"path":"C:\\Users\\shuam\\OneDrive\\Documents\\github projects\\checkmate-mcp\\src\\load-ui.ts","statementMap":{"0":{"start":{"line":5,"column":2},"end":{"line":12,"column":null}},"1":{"start":{"line":6,"column":10},"end":{"line":6,"column":null}},"2":{"start":{"line":7,"column":4},"end":{"line":7,"column":null}},"3":{"start":{"line":8,"column":4},"end":{"line":8,"column":null}},"4":{"start":{"line":10,"column":4},"end":{"line":10,"column":null}},"5":{"start":{"line":11,"column":4},"end":{"line":11,"column":null}}},"fnMap":{"0":{"name":"loadUI","decl":{"start":{"line":4,"column":16},"end":{"line":4,"column":23}},"loc":{"start":{"line":4,"column":67},"end":{"line":13,"column":null}},"line":4}},"branchMap":{"0":{"loc":{"start":{"line":4,"column":41},"end":{"line":4,"column":67}},"type":"default-arg","locations":[{"start":{"line":4,"column":51},"end":{"line":4,"column":67}}],"line":4}},"s":{"0":3,"1":3,"2":3,"3":3,"4":1,"5":1},"f":{"0":3},"b":{"0":[3]},"meta":{"lastBranch":1,"lastFunction":1,"lastStatement":6,"seen":{"f:4:16:4:23":0,"b:4:51:4:67":0,"s:5:2:12:Infinity":0,"s:6:10:6:Infinity":1,"s:7:4:7:Infinity":2,"s:8:4:8:Infinity":3,"s:10:4:10:Infinity":4,"s:11:4:11:Infinity":5}}}
,"C:\\Users\\shuam\\OneDrive\\Documents\\github projects\\checkmate-mcp\\src\\logger.ts": {"path":"C:\\Users\\shuam\\OneDrive\\Documents\\github projects\\checkmate-mcp\\src\\logger.ts","statementMap":{"0":{"start":{"line":21,"column":18},"end":{"line":21,"column":null}},"1":{"start":{"line":22,"column":19},"end":{"line":22,"column":null}},"2":{"start":{"line":25,"column":39},"end":{"line":35,"column":null}},"3":{"start":{"line":33,"column":23},"end":{"line":33,"column":null}},"4":{"start":{"line":38,"column":18},"end":{"line":49,"column":null}},"5":{"start":{"line":51,"column":13},"end":{"line":54,"column":null}},"6":{"start":{"line":57,"column":28},"end":{"line":57,"column":null}},"7":{"start":{"line":58,"column":26},"end":{"line":58,"column":null}},"8":{"start":{"line":59,"column":25},"end":{"line":59,"column":null}},"9":{"start":{"line":60,"column":30},"end":{"line":60,"column":null}},"10":{"start":{"line":64,"column":2},"end":{"line":64,"column":null}},"11":{"start":{"line":73,"column":2},"end":{"line":73,"column":null}},"12":{"start":{"line":83,"column":16},"end":{"line":83,"column":null}},"13":{"start":{"line":84,"column":2},"end":{"line":87,"column":null}}},"fnMap":{"0":{"name":"(anonymous_0)","decl":{"start":{"line":33,"column":11},"end":{"line":33,"column":12}},"loc":{"start":{"line":33,"column":23},"end":{"line":33,"column":null}},"line":33},"1":{"name":"createRequestLogger","decl":{"start":{"line":63,"column":16},"end":{"line":63,"column":36}},"loc":{"start":{"line":63,"column":55},"end":{"line":65,"column":null}},"line":63},"2":{"name":"logToolCall","decl":{"start":{"line":68,"column":16},"end":{"line":68,"column":null}},"loc":{"start":{"line":72,"column":2},"end":{"line":74,"column":null}},"line":72},"3":{"name":"logToolResult","decl":{"start":{"line":77,"column":16},"end":{"line":77,"column":null}},"loc":{"start":{"line":82,"column":2},"end":{"line":88,"column":null}},"line":82}},"branchMap":{"0":{"loc":{"start":{"line":21,"column":18},"end":{"line":21,"column":null}},"type":"binary-expr","locations":[{"start":{"line":21,"column":18},"end":{"line":21,"column":43}},{"start":{"line":21,"column":43},"end":{"line":21,"column":null}}],"line":21},"1":{"loc":{"start":{"line":38,"column":18},"end":{"line":49,"column":null}},"type":"cond-expr","locations":[{"start":{"line":39,"column":4},"end":{"line":48,"column":null}},{"start":{"line":49,"column":4},"end":{"line":49,"column":null}}],"line":38},"2":{"loc":{"start":{"line":83,"column":16},"end":{"line":83,"column":null}},"type":"cond-expr","locations":[{"start":{"line":83,"column":26},"end":{"line":83,"column":35}},{"start":{"line":83,"column":35},"end":{"line":83,"column":null}}],"line":83},"3":{"loc":{"start":{"line":86,"column":12},"end":{"line":86,"column":44}},"type":"cond-expr","locations":[{"start":{"line":86,"column":22},"end":{"line":86,"column":36}},{"start":{"line":86,"column":36},"end":{"line":86,"column":44}}],"line":86}},"s":{"0":3,"1":3,"2":3,"3":18,"4":3,"5":3,"6":3,"7":3,"8":3,"9":3,"10":3,"11":2,"12":3,"13":3},"f":{"0":18,"1":3,"2":2,"3":3},"b":{"0":[3,3],"1":[0,3],"2":[2,1],"3":[2,1]},"meta":{"lastBranch":4,"lastFunction":4,"lastStatement":14,"seen":{"s:21:18:21:Infinity":0,"b:21:18:21:43:21:43:21:Infinity":0,"s:22:19:22:Infinity":1,"s:25:39:35:Infinity":2,"f:33:11:33:12":0,"s:33:23:33:Infinity":3,"s:38:18:49:Infinity":4,"b:39:4:48:Infinity:49:4:49:Infinity":1,"s:51:13:54:Infinity":5,"s:57:28:57:Infinity":6,"s:58:26:58:Infinity":7,"s:59:25:59:Infinity":8,"s:60:30:60:Infinity":9,"f:63:16:63:36":1,"s:64:2:64:Infinity":10,"f:68:16:68:Infinity":2,"s:73:2:73:Infinity":11,"f:77:16:77:Infinity":3,"s:83:16:83:Infinity":12,"b:83:26:83:35:83:35:83:Infinity":2,"s:84:2:87:Infinity":13,"b:86:22:86:36:86:36:86:44":3}}}
,"C:\\Users\\shuam\\OneDrive\\Documents\\github projects\\checkmate-mcp\\src\\__tests__\\helpers.ts": {"path":"C:\\Users\\shuam\\OneDrive\\Documents\\github projects\\checkmate-mcp\\src\\__tests__\\helpers.ts","statementMap":{"0":{"start":{"line":4,"column":2},"end":{"line":8,"column":null}},"1":{"start":{"line":12,"column":2},"end":{"line":12,"column":null}},"2":{"start":{"line":16,"column":2},"end":{"line":16,"column":null}},"3":{"start":{"line":20,"column":18},"end":{"line":20,"column":null}},"4":{"start":{"line":21,"column":2},"end":{"line":26,"column":null}},"5":{"start":{"line":23,"column":6},"end":{"line":23,"column":null}},"6":{"start":{"line":23,"column":34},"end":{"line":23,"column":null}},"7":{"start":{"line":24,"column":6},"end":{"line":24,"column":null}},"8":{"start":{"line":29,"column":27},"end":{"line":39,"column":null}},"9":{"start":{"line":41,"column":28},"end":{"line":56,"column":null}},"10":{"start":{"line":58,"column":27},"end":{"line":68,"column":null}},"11":{"start":{"line":70,"column":39},"end":{"line":70,"column":null}},"12":{"start":{"line":73,"column":2},"end":{"line":73,"column":null}},"13":{"start":{"line":76,"column":2},"end":{"line":76,"column":null}},"14":{"start":{"line":78,"column":30},"end":{"line":89,"column":null}}},"fnMap":{"0":{"name":"jsonResponse","decl":{"start":{"line":3,"column":16},"end":{"line":3,"column":29}},"loc":{"start":{"line":3,"column":68},"end":{"line":9,"column":null}},"line":3},"1":{"name":"errorResponse","decl":{"start":{"line":11,"column":16},"end":{"line":11,"column":30}},"loc":{"start":{"line":11,"column":64},"end":{"line":13,"column":null}},"line":11},"2":{"name":"textResponse","decl":{"start":{"line":15,"column":16},"end":{"line":15,"column":29}},"loc":{"start":{"line":15,"column":57},"end":{"line":17,"column":null}},"line":15},"3":{"name":"sseStream","decl":{"start":{"line":19,"column":16},"end":{"line":19,"column":29}},"loc":{"start":{"line":19,"column":47},"end":{"line":27,"column":null}},"line":19},"4":{"name":"(anonymous_4)","decl":{"start":{"line":22,"column":4},"end":{"line":22,"column":10}},"loc":{"start":{"line":22,"column":22},"end":{"line":25,"column":null}},"line":22}},"branchMap":{"0":{"loc":{"start":{"line":11,"column":50},"end":{"line":11,"column":64}},"type":"default-arg","locations":[{"start":{"line":11,"column":59},"end":{"line":11,"column":64}}],"line":11},"1":{"loc":{"start":{"line":15,"column":43},"end":{"line":15,"column":57}},"type":"default-arg","locations":[{"start":{"line":15,"column":52},"end":{"line":15,"column":57}}],"line":15}},"s":{"0":13,"1":6,"2":3,"3":6,"4":6,"5":6,"6":10,"7":6,"8":8,"9":8,"10":8,"11":8,"12":8,"13":8,"14":8},"f":{"0":13,"1":6,"2":3,"3":6,"4":6},"b":{"0":[6],"1":[3]},"meta":{"lastBranch":2,"lastFunction":5,"lastStatement":15,"seen":{"f:3:16:3:29":0,"s:4:2:8:Infinity":0,"f:11:16:11:30":1,"b:11:59:11:64":0,"s:12:2:12:Infinity":1,"f:15:16:15:29":2,"b:15:52:15:57":1,"s:16:2:16:Infinity":2,"f:19:16:19:29":3,"s:20:18:20:Infinity":3,"s:21:2:26:Infinity":4,"f:22:4:22:10":4,"s:23:6:23:Infinity":5,"s:23:34:23:Infinity":6,"s:24:6:24:Infinity":7,"s:29:27:39:Infinity":8,"s:41:28:56:Infinity":9,"s:58:27:68:Infinity":10,"s:70:39:70:Infinity":11,"s:73:2:73:Infinity":12,"s:76:2:76:Infinity":13,"s:78:30:89:Infinity":14}}}
,"C:\\Users\\shuam\\OneDrive\\Documents\\github projects\\checkmate-mcp\\ui-src\\projects.ts": {"path":"C:\\Users\\shuam\\OneDrive\\Documents\\github projects\\checkmate-mcp\\ui-src\\projects.ts","statementMap":{"0":{"start":{"line":19,"column":12},"end":{"line":23,"column":null}},"1":{"start":{"line":27,"column":16},"end":{"line":27,"column":null}},"2":{"start":{"line":28,"column":2},"end":{"line":32,"column":null}},"3":{"start":{"line":29,"column":4},"end":{"line":29,"column":null}},"4":{"start":{"line":30,"column":4},"end":{"line":30,"column":null}},"5":{"start":{"line":31,"column":4},"end":{"line":31,"column":null}},"6":{"start":{"line":31,"column":21},"end":{"line":31,"column":53}},"7":{"start":{"line":37,"column":2},"end":{"line":37,"column":null}},"8":{"start":{"line":38,"column":2},"end":{"line":46,"column":null}},"9":{"start":{"line":39,"column":4},"end":{"line":42,"column":null}},"10":{"start":{"line":44,"column":4},"end":{"line":44,"column":null}},"11":{"start":{"line":45,"column":4},"end":{"line":45,"column":null}},"12":{"start":{"line":51,"column":18},"end":{"line":51,"column":null}},"13":{"start":{"line":52,"column":23},"end":{"line":52,"column":null}},"14":{"start":{"line":53,"column":19},"end":{"line":53,"column":null}},"15":{"start":{"line":54,"column":20},"end":{"line":54,"column":null}},"16":{"start":{"line":56,"column":2},"end":{"line":56,"column":null}},"17":{"start":{"line":56,"column":15},"end":{"line":56,"column":null}},"18":{"start":{"line":58,"column":2},"end":{"line":64,"column":null}},"19":{"start":{"line":59,"column":4},"end":{"line":62,"column":null}},"20":{"start":{"line":60,"column":6},"end":{"line":60,"column":null}},"21":{"start":{"line":61,"column":6},"end":{"line":61,"column":null}},"22":{"start":{"line":63,"column":4},"end":{"line":63,"column":null}},"23":{"start":{"line":66,"column":19},"end":{"line":66,"column":null}},"24":{"start":{"line":68,"column":2},"end":{"line":70,"column":null}},"25":{"start":{"line":69,"column":4},"end":{"line":69,"column":null}},"26":{"start":{"line":72,"column":2},"end":{"line":78,"column":null}},"27":{"start":{"line":73,"column":4},"end":{"line":76,"column":null}},"28":{"start":{"line":74,"column":6},"end":{"line":74,"column":null}},"29":{"start":{"line":75,"column":6},"end":{"line":75,"column":null}},"30":{"start":{"line":77,"column":4},"end":{"line":77,"column":null}},"31":{"start":{"line":80,"column":2},"end":{"line":120,"column":null}},"32":{"start":{"line":81,"column":4},"end":{"line":81,"column":null}},"33":{"start":{"line":82,"column":4},"end":{"line":110,"column":null}},"34":{"start":{"line":84,"column":25},"end":{"line":84,"column":null}},"35":{"start":{"line":85,"column":24},"end":{"line":85,"column":null}},"36":{"start":{"line":86,"column":8},"end":{"line":103,"column":null}},"37":{"start":{"line":113,"column":4},"end":{"line":119,"column":null}},"38":{"start":{"line":114,"column":6},"end":{"line":118,"column":null}},"39":{"start":{"line":115,"column":26},"end":{"line":115,"column":null}},"40":{"start":{"line":116,"column":28},"end":{"line":116,"column":null}},"41":{"start":{"line":117,"column":8},"end":{"line":117,"column":null}},"42":{"start":{"line":124,"column":0},"end":{"line":129,"column":null}},"43":{"start":{"line":125,"column":2},"end":{"line":125,"column":null}},"44":{"start":{"line":126,"column":2},"end":{"line":128,"column":null}},"45":{"start":{"line":127,"column":4},"end":{"line":127,"column":null}},"46":{"start":{"line":132,"column":0},"end":{"line":135,"column":null}},"47":{"start":{"line":133,"column":2},"end":{"line":133,"column":null}},"48":{"start":{"line":138,"column":0},"end":{"line":140,"column":null}},"49":{"start":{"line":139,"column":2},"end":{"line":139,"column":null}},"50":{"start":{"line":143,"column":0},"end":{"line":162,"column":null}},"51":{"start":{"line":144,"column":2},"end":{"line":144,"column":null}},"52":{"start":{"line":145,"column":14},"end":{"line":145,"column":null}},"53":{"start":{"line":146,"column":2},"end":{"line":146,"column":null}},"54":{"start":{"line":148,"column":2},"end":{"line":148,"column":null}},"55":{"start":{"line":150,"column":2},"end":{"line":161,"column":null}}},"fnMap":{"0":{"name":"showToast","decl":{"start":{"line":26,"column":9},"end":{"line":26,"column":19}},"loc":{"start":{"line":26,"column":42},"end":{"line":33,"column":null}},"line":26},"1":{"name":"(anonymous_1)","decl":{"start":{"line":31,"column":15},"end":{"line":31,"column":21}},"loc":{"start":{"line":31,"column":21},"end":{"line":31,"column":53}},"line":31},"2":{"name":"viewProject","decl":{"start":{"line":36,"column":15},"end":{"line":36,"column":27}},"loc":{"start":{"line":36,"column":82},"end":{"line":47,"column":null}},"line":36},"3":{"name":"renderProjects","decl":{"start":{"line":50,"column":16},"end":{"line":50,"column":31}},"loc":{"start":{"line":50,"column":57},"end":{"line":121,"column":null}},"line":50},"4":{"name":"(anonymous_4)","decl":{"start":{"line":83,"column":11},"end":{"line":83,"column":12}},"loc":{"start":{"line":83,"column":24},"end":{"line":109,"column":7}},"line":83},"5":{"name":"(anonymous_5)","decl":{"start":{"line":113,"column":59},"end":{"line":113,"column":60}},"loc":{"start":{"line":113,"column":69},"end":{"line":119,"column":5}},"line":113},"6":{"name":"(anonymous_6)","decl":{"start":{"line":114,"column":37},"end":{"line":114,"column":43}},"loc":{"start":{"line":114,"column":43},"end":{"line":118,"column":7}},"line":114},"7":{"name":"(anonymous_7)","decl":{"start":{"line":124,"column":19},"end":{"line":124,"column":20}},"loc":{"start":{"line":124,"column":31},"end":{"line":129,"column":null}},"line":124},"8":{"name":"(anonymous_8)","decl":{"start":{"line":132,"column":27},"end":{"line":132,"column":28}},"loc":{"start":{"line":132,"column":39},"end":{"line":135,"column":null}},"line":132},"9":{"name":"(anonymous_9)","decl":{"start":{"line":138,"column":14},"end":{"line":138,"column":15}},"loc":{"start":{"line":138,"column":25},"end":{"line":140,"column":null}},"line":138},"10":{"name":"(anonymous_10)","decl":{"start":{"line":143,"column":19},"end":{"line":143,"column":25}},"loc":{"start":{"line":143,"column":25},"end":{"line":147,"column":1}},"line":143},"11":{"name":"(anonymous_11)","decl":{"start":{"line":147,"column":9},"end":{"line":147,"column":10}},"loc":{"start":{"line":147,"column":20},"end":{"line":162,"column":1}},"line":147}},"branchMap":{"0":{"loc":{"start":{"line":28,"column":2},"end":{"line":32,"column":null}},"type":"if","locations":[{"start":{"line":28,"column":2},"end":{"line":32,"column":null}},{"start":{},"end":{}}],"line":28},"1":{"loc":{"start":{"line":56,"column":2},"end":{"line":56,"column":null}},"type":"if","locations":[{"start":{"line":56,"column":2},"end":{"line":56,"column":null}},{"start":{},"end":{}}],"line":56},"2":{"loc":{"start":{"line":58,"column":2},"end":{"line":64,"column":null}},"type":"if","locations":[{"start":{"line":58,"column":2},"end":{"line":64,"column":null}},{"start":{},"end":{}}],"line":58},"3":{"loc":{"start":{"line":59,"column":4},"end":{"line":62,"column":null}},"type":"if","locations":[{"start":{"line":59,"column":4},"end":{"line":62,"column":null}},{"start":{},"end":{}}],"line":59},"4":{"loc":{"start":{"line":66,"column":19},"end":{"line":66,"column":null}},"type":"binary-expr","locations":[{"start":{"line":66,"column":19},"end":{"line":66,"column":36}},{"start":{"line":66,"column":36},"end":{"line":66,"column":null}}],"line":66},"5":{"loc":{"start":{"line":68,"column":2},"end":{"line":70,"column":null}},"type":"if","locations":[{"start":{"line":68,"column":2},"end":{"line":70,"column":null}},{"start":{},"end":{}}],"line":68},"6":{"loc":{"start":{"line":69,"column":57},"end":{"line":69,"column":89}},"type":"cond-expr","locations":[{"start":{"line":69,"column":81},"end":{"line":69,"column":87}},{"start":{"line":69,"column":87},"end":{"line":69,"column":89}}],"line":69},"7":{"loc":{"start":{"line":72,"column":2},"end":{"line":78,"column":null}},"type":"if","locations":[{"start":{"line":72,"column":2},"end":{"line":78,"column":null}},{"start":{},"end":{}}],"line":72},"8":{"loc":{"start":{"line":73,"column":4},"end":{"line":76,"column":null}},"type":"if","locations":[{"start":{"line":73,"column":4},"end":{"line":76,"column":null}},{"start":{},"end":{}}],"line":73},"9":{"loc":{"start":{"line":80,"column":2},"end":{"line":120,"column":null}},"type":"if","locations":[{"start":{"line":80,"column":2},"end":{"line":120,"column":null}},{"start":{},"end":{}}],"line":80},"10":{"loc":{"start":{"line":115,"column":35},"end":{"line":115,"column":80}},"type":"binary-expr","locations":[{"start":{"line":115,"column":35},"end":{"line":115,"column":75}},{"start":{"line":115,"column":75},"end":{"line":115,"column":80}}],"line":115},"11":{"loc":{"start":{"line":116,"column":28},"end":{"line":116,"column":null}},"type":"binary-expr","locations":[{"start":{"line":116,"column":28},"end":{"line":116,"column":70}},{"start":{"line":116,"column":70},"end":{"line":116,"column":null}}],"line":116},"12":{"loc":{"start":{"line":126,"column":2},"end":{"line":128,"column":null}},"type":"if","locations":[{"start":{"line":126,"column":2},"end":{"line":128,"column":null}},{"start":{},"end":{}}],"line":126}},"s":{"0":1,"1":0,"2":0,"3":0,"4":0,"5":0,"6":0,"7":0,"8":0,"9":0,"10":0,"11":0,"12":6,"13":6,"14":6,"15":6,"16":6,"17":5,"18":6,"19":1,"20":1,"21":1,"22":1,"23":5,"24":6,"25":4,"26":5,"27":2,"28":2,"29":2,"30":2,"31":3,"32":2,"33":2,"34":2,"35":2,"36":2,"37":2,"38":2,"39":0,"40":0,"41":0,"42":1,"43":0,"44":0,"45":0,"46":1,"47":0,"48":1,"49":0,"50":1,"51":1,"52":1,"53":1,"54":1,"55":1},"f":{"0":0,"1":0,"2":0,"3":6,"4":2,"5":2,"6":0,"7":0,"8":0,"9":0,"10":1,"11":1},"b":{"0":[0,0],"1":[5,1],"2":[1,5],"3":[1,0],"4":[5,1],"5":[4,2],"6":[2,2],"7":[2,3],"8":[2,0],"9":[2,1],"10":[0,0],"11":[0,0],"12":[0,0]},"meta":{"lastBranch":13,"lastFunction":12,"lastStatement":56,"seen":{"s:19:12:23:Infinity":0,"f:26:9:26:19":0,"s:27:16:27:Infinity":1,"b:28:2:32:Infinity:undefined:undefined:undefined:undefined":0,"s:28:2:32:Infinity":2,"s:29:4:29:Infinity":3,"s:30:4:30:Infinity":4,"s:31:4:31:Infinity":5,"f:31:15:31:21":1,"s:31:21:31:53":6,"f:36:15:36:27":2,"s:37:2:37:Infinity":7,"s:38:2:46:Infinity":8,"s:39:4:42:Infinity":9,"s:44:4:44:Infinity":10,"s:45:4:45:Infinity":11,"f:50:16:50:31":3,"s:51:18:51:Infinity":12,"s:52:23:52:Infinity":13,"s:53:19:53:Infinity":14,"s:54:20:54:Infinity":15,"b:56:2:56:Infinity:undefined:undefined:undefined:undefined":1,"s:56:2:56:Infinity":16,"s:56:15:56:Infinity":17,"b:58:2:64:Infinity:undefined:undefined:undefined:undefined":2,"s:58:2:64:Infinity":18,"b:59:4:62:Infinity:undefined:undefined:undefined:undefined":3,"s:59:4:62:Infinity":19,"s:60:6:60:Infinity":20,"s:61:6:61:Infinity":21,"s:63:4:63:Infinity":22,"s:66:19:66:Infinity":23,"b:66:19:66:36:66:36:66:Infinity":4,"b:68:2:70:Infinity:undefined:undefined:undefined:undefined":5,"s:68:2:70:Infinity":24,"s:69:4:69:Infinity":25,"b:69:81:69:87:69:87:69:89":6,"b:72:2:78:Infinity:undefined:undefined:undefined:undefined":7,"s:72:2:78:Infinity":26,"b:73:4:76:Infinity:undefined:undefined:undefined:undefined":8,"s:73:4:76:Infinity":27,"s:74:6:74:Infinity":28,"s:75:6:75:Infinity":29,"s:77:4:77:Infinity":30,"b:80:2:120:Infinity:undefined:undefined:undefined:undefined":9,"s:80:2:120:Infinity":31,"s:81:4:81:Infinity":32,"s:82:4:110:Infinity":33,"f:83:11:83:12":4,"s:84:25:84:Infinity":34,"s:85:24:85:Infinity":35,"s:86:8:103:Infinity":36,"s:113:4:119:Infinity":37,"f:113:59:113:60":5,"s:114:6:118:Infinity":38,"f:114:37:114:43":6,"s:115:26:115:Infinity":39,"b:115:35:115:75:115:75:115:80":10,"s:116:28:116:Infinity":40,"b:116:28:116:70:116:70:116:Infinity":11,"s:117:8:117:Infinity":41,"s:124:0:129:Infinity":42,"f:124:19:124:20":7,"s:125:2:125:Infinity":43,"b:126:2:128:Infinity:undefined:undefined:undefined:undefined":12,"s:126:2:128:Infinity":44,"s:127:4:127:Infinity":45,"s:132:0:135:Infinity":46,"f:132:27:132:28":8,"s:133:2:133:Infinity":47,"s:138:0:140:Infinity":48,"f:138:14:138:15":9,"s:139:2:139:Infinity":49,"s:143:0:162:Infinity":50,"f:143:19:143:25":10,"s:144:2:144:Infinity":51,"s:145:14:145:Infinity":52,"s:146:2:146:Infinity":53,"f:147:9:147:10":11,"s:148:2:148:Infinity":54,"s:150:2:161:Infinity":55}}}
,"C:\\Users\\shuam\\OneDrive\\Documents\\github projects\\checkmate-mcp\\ui-src\\test-cases.ts": {"path":"C:\\Users\\shuam\\OneDrive\\Documents\\github projects\\checkmate-mcp\\ui-src\\test-cases.ts","statementMap":{"0":{"start":{"line":26,"column":12},"end":{"line":30,"column":null}},"1":{"start":{"line":34,"column":16},"end":{"line":34,"column":null}},"2":{"start":{"line":35,"column":2},"end":{"line":39,"column":null}},"3":{"start":{"line":36,"column":4},"end":{"line":36,"column":null}},"4":{"start":{"line":37,"column":4},"end":{"line":37,"column":null}},"5":{"start":{"line":38,"column":4},"end":{"line":38,"column":null}},"6":{"start":{"line":38,"column":21},"end":{"line":38,"column":53}},"7":{"start":{"line":44,"column":2},"end":{"line":44,"column":null}},"8":{"start":{"line":45,"column":2},"end":{"line":53,"column":null}},"9":{"start":{"line":46,"column":4},"end":{"line":49,"column":null}},"10":{"start":{"line":51,"column":4},"end":{"line":51,"column":null}},"11":{"start":{"line":52,"column":4},"end":{"line":52,"column":null}},"12":{"start":{"line":58,"column":18},"end":{"line":58,"column":null}},"13":{"start":{"line":59,"column":24},"end":{"line":59,"column":null}},"14":{"start":{"line":60,"column":19},"end":{"line":60,"column":null}},"15":{"start":{"line":61,"column":20},"end":{"line":61,"column":null}},"16":{"start":{"line":62,"column":25},"end":{"line":62,"column":null}},"17":{"start":{"line":64,"column":2},"end":{"line":64,"column":null}},"18":{"start":{"line":64,"column":15},"end":{"line":64,"column":null}},"19":{"start":{"line":66,"column":2},"end":{"line":72,"column":null}},"20":{"start":{"line":67,"column":4},"end":{"line":70,"column":null}},"21":{"start":{"line":68,"column":6},"end":{"line":68,"column":null}},"22":{"start":{"line":69,"column":6},"end":{"line":69,"column":null}},"23":{"start":{"line":71,"column":4},"end":{"line":71,"column":null}},"24":{"start":{"line":74,"column":20},"end":{"line":74,"column":null}},"25":{"start":{"line":75,"column":18},"end":{"line":75,"column":null}},"26":{"start":{"line":77,"column":2},"end":{"line":79,"column":null}},"27":{"start":{"line":78,"column":4},"end":{"line":78,"column":null}},"28":{"start":{"line":81,"column":2},"end":{"line":83,"column":null}},"29":{"start":{"line":82,"column":4},"end":{"line":82,"column":null}},"30":{"start":{"line":85,"column":2},"end":{"line":91,"column":null}},"31":{"start":{"line":86,"column":4},"end":{"line":89,"column":null}},"32":{"start":{"line":87,"column":6},"end":{"line":87,"column":null}},"33":{"start":{"line":88,"column":6},"end":{"line":88,"column":null}},"34":{"start":{"line":90,"column":4},"end":{"line":90,"column":null}},"35":{"start":{"line":93,"column":2},"end":{"line":134,"column":null}},"36":{"start":{"line":94,"column":4},"end":{"line":94,"column":null}},"37":{"start":{"line":95,"column":4},"end":{"line":123,"column":null}},"38":{"start":{"line":97,"column":25},"end":{"line":97,"column":null}},"39":{"start":{"line":98,"column":24},"end":{"line":98,"column":null}},"40":{"start":{"line":99,"column":8},"end":{"line":116,"column":null}},"41":{"start":{"line":126,"column":4},"end":{"line":133,"column":null}},"42":{"start":{"line":127,"column":6},"end":{"line":132,"column":null}},"43":{"start":{"line":128,"column":8},"end":{"line":128,"column":null}},"44":{"start":{"line":129,"column":23},"end":{"line":129,"column":null}},"45":{"start":{"line":130,"column":25},"end":{"line":130,"column":null}},"46":{"start":{"line":131,"column":8},"end":{"line":131,"column":null}},"47":{"start":{"line":138,"column":0},"end":{"line":143,"column":null}},"48":{"start":{"line":139,"column":2},"end":{"line":139,"column":null}},"49":{"start":{"line":140,"column":2},"end":{"line":142,"column":null}},"50":{"start":{"line":141,"column":4},"end":{"line":141,"column":null}},"51":{"start":{"line":146,"column":0},"end":{"line":148,"column":null}},"52":{"start":{"line":147,"column":2},"end":{"line":147,"column":null}},"53":{"start":{"line":151,"column":0},"end":{"line":153,"column":null}},"54":{"start":{"line":152,"column":2},"end":{"line":152,"column":null}},"55":{"start":{"line":156,"column":0},"end":{"line":186,"column":null}},"56":{"start":{"line":157,"column":2},"end":{"line":157,"column":null}},"57":{"start":{"line":158,"column":14},"end":{"line":158,"column":null}},"58":{"start":{"line":159,"column":2},"end":{"line":159,"column":null}},"59":{"start":{"line":161,"column":2},"end":{"line":161,"column":null}},"60":{"start":{"line":163,"column":2},"end":{"line":185,"column":null}}},"fnMap":{"0":{"name":"showToast","decl":{"start":{"line":33,"column":9},"end":{"line":33,"column":19}},"loc":{"start":{"line":33,"column":42},"end":{"line":40,"column":null}},"line":33},"1":{"name":"(anonymous_1)","decl":{"start":{"line":38,"column":15},"end":{"line":38,"column":21}},"loc":{"start":{"line":38,"column":21},"end":{"line":38,"column":53}},"line":38},"2":{"name":"runTest","decl":{"start":{"line":43,"column":15},"end":{"line":43,"column":23}},"loc":{"start":{"line":43,"column":76},"end":{"line":54,"column":null}},"line":43},"3":{"name":"renderTestCases","decl":{"start":{"line":57,"column":16},"end":{"line":57,"column":32}},"loc":{"start":{"line":57,"column":59},"end":{"line":135,"column":null}},"line":57},"4":{"name":"(anonymous_4)","decl":{"start":{"line":96,"column":11},"end":{"line":96,"column":12}},"loc":{"start":{"line":96,"column":19},"end":{"line":122,"column":7}},"line":96},"5":{"name":"(anonymous_5)","decl":{"start":{"line":126,"column":58},"end":{"line":126,"column":59}},"loc":{"start":{"line":126,"column":70},"end":{"line":133,"column":5}},"line":126},"6":{"name":"(anonymous_6)","decl":{"start":{"line":127,"column":39},"end":{"line":127,"column":40}},"loc":{"start":{"line":127,"column":46},"end":{"line":132,"column":7}},"line":127},"7":{"name":"(anonymous_7)","decl":{"start":{"line":138,"column":19},"end":{"line":138,"column":20}},"loc":{"start":{"line":138,"column":31},"end":{"line":143,"column":null}},"line":138},"8":{"name":"(anonymous_8)","decl":{"start":{"line":146,"column":27},"end":{"line":146,"column":28}},"loc":{"start":{"line":146,"column":39},"end":{"line":148,"column":null}},"line":146},"9":{"name":"(anonymous_9)","decl":{"start":{"line":151,"column":14},"end":{"line":151,"column":15}},"loc":{"start":{"line":151,"column":25},"end":{"line":153,"column":null}},"line":151},"10":{"name":"(anonymous_10)","decl":{"start":{"line":156,"column":19},"end":{"line":156,"column":25}},"loc":{"start":{"line":156,"column":25},"end":{"line":160,"column":1}},"line":156},"11":{"name":"(anonymous_11)","decl":{"start":{"line":160,"column":9},"end":{"line":160,"column":10}},"loc":{"start":{"line":160,"column":20},"end":{"line":186,"column":1}},"line":160}},"branchMap":{"0":{"loc":{"start":{"line":35,"column":2},"end":{"line":39,"column":null}},"type":"if","locations":[{"start":{"line":35,"column":2},"end":{"line":39,"column":null}},{"start":{},"end":{}}],"line":35},"1":{"loc":{"start":{"line":64,"column":2},"end":{"line":64,"column":null}},"type":"if","locations":[{"start":{"line":64,"column":2},"end":{"line":64,"column":null}},{"start":{},"end":{}}],"line":64},"2":{"loc":{"start":{"line":66,"column":2},"end":{"line":72,"column":null}},"type":"if","locations":[{"start":{"line":66,"column":2},"end":{"line":72,"column":null}},{"start":{},"end":{}}],"line":66},"3":{"loc":{"start":{"line":67,"column":4},"end":{"line":70,"column":null}},"type":"if","locations":[{"start":{"line":67,"column":4},"end":{"line":70,"column":null}},{"start":{},"end":{}}],"line":67},"4":{"loc":{"start":{"line":74,"column":20},"end":{"line":74,"column":null}},"type":"binary-expr","locations":[{"start":{"line":74,"column":20},"end":{"line":74,"column":38}},{"start":{"line":74,"column":38},"end":{"line":74,"column":null}}],"line":74},"5":{"loc":{"start":{"line":77,"column":2},"end":{"line":79,"column":null}},"type":"if","locations":[{"start":{"line":77,"column":2},"end":{"line":79,"column":null}},{"start":{},"end":{}}],"line":77},"6":{"loc":{"start":{"line":77,"column":6},"end":{"line":77,"column":33}},"type":"binary-expr","locations":[{"start":{"line":77,"column":6},"end":{"line":77,"column":24}},{"start":{"line":77,"column":24},"end":{"line":77,"column":33}}],"line":77},"7":{"loc":{"start":{"line":81,"column":2},"end":{"line":83,"column":null}},"type":"if","locations":[{"start":{"line":81,"column":2},"end":{"line":83,"column":null}},{"start":{},"end":{}}],"line":81},"8":{"loc":{"start":{"line":82,"column":55},"end":{"line":82,"column":88}},"type":"cond-expr","locations":[{"start":{"line":82,"column":80},"end":{"line":82,"column":86}},{"start":{"line":82,"column":86},"end":{"line":82,"column":88}}],"line":82},"9":{"loc":{"start":{"line":85,"column":2},"end":{"line":91,"column":null}},"type":"if","locations":[{"start":{"line":85,"column":2},"end":{"line":91,"column":null}},{"start":{},"end":{}}],"line":85},"10":{"loc":{"start":{"line":86,"column":4},"end":{"line":89,"column":null}},"type":"if","locations":[{"start":{"line":86,"column":4},"end":{"line":89,"column":null}},{"start":{},"end":{}}],"line":86},"11":{"loc":{"start":{"line":93,"column":2},"end":{"line":134,"column":null}},"type":"if","locations":[{"start":{"line":93,"column":2},"end":{"line":134,"column":null}},{"start":{},"end":{}}],"line":93},"12":{"loc":{"start":{"line":108,"column":60},"end":{"line":108,"column":94}},"type":"binary-expr","locations":[{"start":{"line":108,"column":60},"end":{"line":108,"column":78}},{"start":{"line":108,"column":78},"end":{"line":108,"column":94}}],"line":108},"13":{"loc":{"start":{"line":129,"column":32},"end":{"line":129,"column":76}},"type":"binary-expr","locations":[{"start":{"line":129,"column":32},"end":{"line":129,"column":71}},{"start":{"line":129,"column":71},"end":{"line":129,"column":76}}],"line":129},"14":{"loc":{"start":{"line":130,"column":25},"end":{"line":130,"column":null}},"type":"binary-expr","locations":[{"start":{"line":130,"column":25},"end":{"line":130,"column":66}},{"start":{"line":130,"column":66},"end":{"line":130,"column":null}}],"line":130},"15":{"loc":{"start":{"line":140,"column":2},"end":{"line":142,"column":null}},"type":"if","locations":[{"start":{"line":140,"column":2},"end":{"line":142,"column":null}},{"start":{},"end":{}}],"line":140}},"s":{"0":1,"1":0,"2":0,"3":0,"4":0,"5":0,"6":0,"7":0,"8":0,"9":0,"10":0,"11":0,"12":6,"13":6,"14":6,"15":6,"16":6,"17":6,"18":5,"19":6,"20":1,"21":1,"22":1,"23":1,"24":5,"25":6,"26":6,"27":2,"28":5,"29":4,"30":5,"31":2,"32":2,"33":2,"34":2,"35":3,"36":2,"37":2,"38":3,"39":3,"40":3,"41":2,"42":3,"43":0,"44":0,"45":0,"46":0,"47":1,"48":0,"49":0,"50":0,"51":1,"52":0,"53":1,"54":0,"55":1,"56":1,"57":1,"58":1,"59":1,"60":1},"f":{"0":0,"1":0,"2":0,"3":6,"4":3,"5":3,"6":0,"7":0,"8":0,"9":0,"10":1,"11":1},"b":{"0":[0,0],"1":[5,1],"2":[1,5],"3":[1,0],"4":[5,1],"5":[2,4],"6":[6,4],"7":[4,1],"8":[3,1],"9":[2,3],"10":[2,0],"11":[2,1],"12":[3,2],"13":[0,0],"14":[0,0],"15":[0,0]},"meta":{"lastBranch":16,"lastFunction":12,"lastStatement":61,"seen":{"s:26:12:30:Infinity":0,"f:33:9:33:19":0,"s:34:16:34:Infinity":1,"b:35:2:39:Infinity:undefined:undefined:undefined:undefined":0,"s:35:2:39:Infinity":2,"s:36:4:36:Infinity":3,"s:37:4:37:Infinity":4,"s:38:4:38:Infinity":5,"f:38:15:38:21":1,"s:38:21:38:53":6,"f:43:15:43:23":2,"s:44:2:44:Infinity":7,"s:45:2:53:Infinity":8,"s:46:4:49:Infinity":9,"s:51:4:51:Infinity":10,"s:52:4:52:Infinity":11,"f:57:16:57:32":3,"s:58:18:58:Infinity":12,"s:59:24:59:Infinity":13,"s:60:19:60:Infinity":14,"s:61:20:61:Infinity":15,"s:62:25:62:Infinity":16,"b:64:2:64:Infinity:undefined:undefined:undefined:undefined":1,"s:64:2:64:Infinity":17,"s:64:15:64:Infinity":18,"b:66:2:72:Infinity:undefined:undefined:undefined:undefined":2,"s:66:2:72:Infinity":19,"b:67:4:70:Infinity:undefined:undefined:undefined:undefined":3,"s:67:4:70:Infinity":20,"s:68:6:68:Infinity":21,"s:69:6:69:Infinity":22,"s:71:4:71:Infinity":23,"s:74:20:74:Infinity":24,"b:74:20:74:38:74:38:74:Infinity":4,"s:75:18:75:Infinity":25,"b:77:2:79:Infinity:undefined:undefined:undefined:undefined":5,"s:77:2:79:Infinity":26,"b:77:6:77:24:77:24:77:33":6,"s:78:4:78:Infinity":27,"b:81:2:83:Infinity:undefined:undefined:undefined:undefined":7,"s:81:2:83:Infinity":28,"s:82:4:82:Infinity":29,"b:82:80:82:86:82:86:82:88":8,"b:85:2:91:Infinity:undefined:undefined:undefined:undefined":9,"s:85:2:91:Infinity":30,"b:86:4:89:Infinity:undefined:undefined:undefined:undefined":10,"s:86:4:89:Infinity":31,"s:87:6:87:Infinity":32,"s:88:6:88:Infinity":33,"s:90:4:90:Infinity":34,"b:93:2:134:Infinity:undefined:undefined:undefined:undefined":11,"s:93:2:134:Infinity":35,"s:94:4:94:Infinity":36,"s:95:4:123:Infinity":37,"f:96:11:96:12":4,"s:97:25:97:Infinity":38,"s:98:24:98:Infinity":39,"s:99:8:116:Infinity":40,"b:108:60:108:78:108:78:108:94":12,"s:126:4:133:Infinity":41,"f:126:58:126:59":5,"s:127:6:132:Infinity":42,"f:127:39:127:40":6,"s:128:8:128:Infinity":43,"s:129:23:129:Infinity":44,"b:129:32:129:71:129:71:129:76":13,"s:130:25:130:Infinity":45,"b:130:25:130:66:130:66:130:Infinity":14,"s:131:8:131:Infinity":46,"s:138:0:143:Infinity":47,"f:138:19:138:20":7,"s:139:2:139:Infinity":48,"b:140:2:142:Infinity:undefined:undefined:undefined:undefined":15,"s:140:2:142:Infinity":49,"s:141:4:141:Infinity":50,"s:146:0:148:Infinity":51,"f:146:27:146:28":8,"s:147:2:147:Infinity":52,"s:151:0:153:Infinity":53,"f:151:14:151:15":9,"s:152:2:152:Infinity":54,"s:156:0:186:Infinity":55,"f:156:19:156:25":10,"s:157:2:157:Infinity":56,"s:158:14:158:Infinity":57,"s:159:2:159:Infinity":58,"f:160:9:160:10":11,"s:161:2:161:Infinity":59,"s:163:2:185:Infinity":60}}}
,"C:\\Users\\shuam\\OneDrive\\Documents\\github projects\\checkmate-mcp\\ui-src\\test-runner.ts": {"path":"C:\\Users\\shuam\\OneDrive\\Documents\\github projects\\checkmate-mcp\\ui-src\\test-runner.ts","statementMap":{"0":{"start":{"line":44,"column":12},"end":{"line":48,"column":null}},"1":{"start":{"line":51,"column":38},"end":{"line":51,"column":null}},"2":{"start":{"line":54,"column":22},"end":{"line":54,"column":null}},"3":{"start":{"line":55,"column":24},"end":{"line":55,"column":null}},"4":{"start":{"line":56,"column":27},"end":{"line":56,"column":null}},"5":{"start":{"line":58,"column":2},"end":{"line":60,"column":null}},"6":{"start":{"line":59,"column":4},"end":{"line":59,"column":null}},"7":{"start":{"line":62,"column":13},"end":{"line":73,"column":null}},"8":{"start":{"line":77,"column":2},"end":{"line":79,"column":null}},"9":{"start":{"line":78,"column":4},"end":{"line":78,"column":null}},"10":{"start":{"line":81,"column":2},"end":{"line":84,"column":null}},"11":{"start":{"line":82,"column":16},"end":{"line":82,"column":null}},"12":{"start":{"line":83,"column":4},"end":{"line":83,"column":null}},"13":{"start":{"line":86,"column":2},"end":{"line":86,"column":null}},"14":{"start":{"line":87,"column":2},"end":{"line":87,"column":null}},"15":{"start":{"line":91,"column":20},"end":{"line":91,"column":null}},"16":{"start":{"line":92,"column":2},"end":{"line":92,"column":null}},"17":{"start":{"line":92,"column":18},"end":{"line":92,"column":null}},"18":{"start":{"line":94,"column":22},"end":{"line":94,"column":null}},"19":{"start":{"line":94,"column":64},"end":{"line":94,"column":83}},"20":{"start":{"line":95,"column":2},"end":{"line":95,"column":null}},"21":{"start":{"line":99,"column":2},"end":{"line":135,"column":null}},"22":{"start":{"line":102,"column":6},"end":{"line":102,"column":null}},"23":{"start":{"line":105,"column":6},"end":{"line":115,"column":null}},"24":{"start":{"line":106,"column":8},"end":{"line":113,"column":null}},"25":{"start":{"line":114,"column":8},"end":{"line":114,"column":null}},"26":{"start":{"line":116,"column":6},"end":{"line":116,"column":null}},"27":{"start":{"line":119,"column":6},"end":{"line":129,"column":null}},"28":{"start":{"line":120,"column":21},"end":{"line":120,"column":null}},"29":{"start":{"line":121,"column":8},"end":{"line":128,"column":null}},"30":{"start":{"line":122,"column":10},"end":{"line":122,"column":null}},"31":{"start":{"line":123,"column":10},"end":{"line":123,"column":null}},"32":{"start":{"line":124,"column":10},"end":{"line":124,"column":null}},"33":{"start":{"line":125,"column":10},"end":{"line":125,"column":null}},"34":{"start":{"line":126,"column":10},"end":{"line":126,"column":null}},"35":{"start":{"line":127,"column":10},"end":{"line":127,"column":null}},"36":{"start":{"line":130,"column":6},"end":{"line":130,"column":null}},"37":{"start":{"line":133,"column":6},"end":{"line":133,"column":null}},"38":{"start":{"line":134,"column":6},"end":{"line":134,"column":null}},"39":{"start":{"line":139,"column":18},"end":{"line":139,"column":null}},"40":{"start":{"line":140,"column":22},"end":{"line":140,"column":null}},"41":{"start":{"line":141,"column":23},"end":{"line":141,"column":null}},"42":{"start":{"line":142,"column":22},"end":{"line":142,"column":null}},"43":{"start":{"line":143,"column":22},"end":{"line":143,"column":null}},"44":{"start":{"line":144,"column":24},"end":{"line":144,"column":null}},"45":{"start":{"line":146,"column":2},"end":{"line":146,"column":null}},"46":{"start":{"line":146,"column":16},"end":{"line":146,"column":null}},"47":{"start":{"line":148,"column":15},"end":{"line":148,"column":null}},"48":{"start":{"line":149,"column":15},"end":{"line":149,"column":null}},"49":{"start":{"line":150,"column":17},"end":{"line":150,"column":null}},"50":{"start":{"line":152,"column":2},"end":{"line":156,"column":null}},"51":{"start":{"line":153,"column":4},"end":{"line":154,"column":null}},"52":{"start":{"line":153,"column":34},"end":{"line":153,"column":null}},"53":{"start":{"line":153,"column":34},"end":{"line":154,"column":null}},"54":{"start":{"line":154,"column":68},"end":{"line":154,"column":null}},"55":{"start":{"line":155,"column":4},"end":{"line":155,"column":null}},"56":{"start":{"line":158,"column":21},"end":{"line":158,"column":null}},"57":{"start":{"line":160,"column":2},"end":{"line":160,"column":null}},"58":{"start":{"line":161,"column":2},"end":{"line":161,"column":null}},"59":{"start":{"line":163,"column":2},"end":{"line":163,"column":null}},"60":{"start":{"line":163,"column":19},"end":{"line":163,"column":null}},"61":{"start":{"line":164,"column":2},"end":{"line":164,"column":null}},"62":{"start":{"line":164,"column":20},"end":{"line":164,"column":null}},"63":{"start":{"line":165,"column":2},"end":{"line":165,"column":null}},"64":{"start":{"line":165,"column":19},"end":{"line":165,"column":null}},"65":{"start":{"line":166,"column":2},"end":{"line":166,"column":null}},"66":{"start":{"line":166,"column":19},"end":{"line":166,"column":null}},"67":{"start":{"line":167,"column":2},"end":{"line":167,"column":null}},"68":{"start":{"line":167,"column":21},"end":{"line":167,"column":null}},"69":{"start":{"line":171,"column":18},"end":{"line":171,"column":null}},"70":{"start":{"line":172,"column":20},"end":{"line":172,"column":null}},"71":{"start":{"line":173,"column":19},"end":{"line":173,"column":null}},"72":{"start":{"line":174,"column":19},"end":{"line":174,"column":null}},"73":{"start":{"line":175,"column":26},"end":{"line":175,"column":null}},"74":{"start":{"line":177,"column":2},"end":{"line":177,"column":null}},"75":{"start":{"line":177,"column":15},"end":{"line":177,"column":null}},"76":{"start":{"line":179,"column":2},"end":{"line":185,"column":null}},"77":{"start":{"line":180,"column":4},"end":{"line":183,"column":null}},"78":{"start":{"line":181,"column":6},"end":{"line":181,"column":null}},"79":{"start":{"line":182,"column":6},"end":{"line":182,"column":null}},"80":{"start":{"line":184,"column":4},"end":{"line":184,"column":null}},"81":{"start":{"line":188,"column":2},"end":{"line":191,"column":null}},"82":{"start":{"line":189,"column":4},"end":{"line":189,"column":null}},"83":{"start":{"line":189,"column":18},"end":{"line":189,"column":null}},"84":{"start":{"line":190,"column":4},"end":{"line":190,"column":null}},"85":{"start":{"line":190,"column":25},"end":{"line":190,"column":null}},"86":{"start":{"line":194,"column":2},"end":{"line":194,"column":null}},"87":{"start":{"line":194,"column":17},"end":{"line":194,"column":null}},"88":{"start":{"line":197,"column":2},"end":{"line":197,"column":null}},"89":{"start":{"line":200,"column":17},"end":{"line":200,"column":null}},"90":{"start":{"line":201,"column":2},"end":{"line":201,"column":null}},"91":{"start":{"line":205,"column":0},"end":{"line":210,"column":null}},"92":{"start":{"line":206,"column":2},"end":{"line":206,"column":null}},"93":{"start":{"line":207,"column":2},"end":{"line":209,"column":null}},"94":{"start":{"line":208,"column":4},"end":{"line":208,"column":null}},"95":{"start":{"line":213,"column":0},"end":{"line":215,"column":null}},"96":{"start":{"line":214,"column":2},"end":{"line":214,"column":null}},"97":{"start":{"line":218,"column":0},"end":{"line":220,"column":null}},"98":{"start":{"line":219,"column":2},"end":{"line":219,"column":null}},"99":{"start":{"line":223,"column":0},"end":{"line":243,"column":null}},"100":{"start":{"line":224,"column":2},"end":{"line":224,"column":null}},"101":{"start":{"line":225,"column":14},"end":{"line":225,"column":null}},"102":{"start":{"line":226,"column":2},"end":{"line":226,"column":null}},"103":{"start":{"line":228,"column":2},"end":{"line":228,"column":null}},"104":{"start":{"line":230,"column":2},"end":{"line":242,"column":null}}},"fnMap":{"0":{"name":"renderStep","decl":{"start":{"line":53,"column":16},"end":{"line":53,"column":27}},"loc":{"start":{"line":53,"column":52},"end":{"line":88,"column":null}},"line":53},"1":{"name":"updateStepsList","decl":{"start":{"line":90,"column":16},"end":{"line":90,"column":40}},"loc":{"start":{"line":90,"column":40},"end":{"line":96,"column":null}},"line":90},"2":{"name":"(anonymous_2)","decl":{"start":{"line":94,"column":54},"end":{"line":94,"column":55}},"loc":{"start":{"line":94,"column":64},"end":{"line":94,"column":83}},"line":94},"3":{"name":"processEvent","decl":{"start":{"line":98,"column":16},"end":{"line":98,"column":29}},"loc":{"start":{"line":98,"column":52},"end":{"line":136,"column":null}},"line":98},"4":{"name":"showSummary","decl":{"start":{"line":138,"column":16},"end":{"line":138,"column":36}},"loc":{"start":{"line":138,"column":36},"end":{"line":168,"column":null}},"line":138},"5":{"name":"(anonymous_5)","decl":{"start":{"line":152,"column":16},"end":{"line":152,"column":17}},"loc":{"start":{"line":152,"column":26},"end":{"line":156,"column":3}},"line":152},"6":{"name":"processToolResult","decl":{"start":{"line":170,"column":16},"end":{"line":170,"column":34}},"loc":{"start":{"line":170,"column":62},"end":{"line":202,"column":null}},"line":170},"7":{"name":"(anonymous_7)","decl":{"start":{"line":205,"column":19},"end":{"line":205,"column":20}},"loc":{"start":{"line":205,"column":31},"end":{"line":210,"column":null}},"line":205},"8":{"name":"(anonymous_8)","decl":{"start":{"line":213,"column":27},"end":{"line":213,"column":28}},"loc":{"start":{"line":213,"column":39},"end":{"line":215,"column":null}},"line":213},"9":{"name":"(anonymous_9)","decl":{"start":{"line":218,"column":14},"end":{"line":218,"column":15}},"loc":{"start":{"line":218,"column":25},"end":{"line":220,"column":null}},"line":218},"10":{"name":"(anonymous_10)","decl":{"start":{"line":223,"column":19},"end":{"line":223,"column":25}},"loc":{"start":{"line":223,"column":25},"end":{"line":227,"column":1}},"line":223},"11":{"name":"(anonymous_11)","decl":{"start":{"line":227,"column":9},"end":{"line":227,"column":10}},"loc":{"start":{"line":227,"column":20},"end":{"line":243,"column":1}},"line":227}},"branchMap":{"0":{"loc":{"start":{"line":54,"column":22},"end":{"line":54,"column":null}},"type":"binary-expr","locations":[{"start":{"line":54,"column":22},"end":{"line":54,"column":37}},{"start":{"line":54,"column":37},"end":{"line":54,"column":null}}],"line":54},"1":{"loc":{"start":{"line":55,"column":24},"end":{"line":55,"column":null}},"type":"binary-expr","locations":[{"start":{"line":55,"column":24},"end":{"line":55,"column":39}},{"start":{"line":55,"column":39},"end":{"line":55,"column":53}},{"start":{"line":55,"column":53},"end":{"line":55,"column":null}}],"line":55},"2":{"loc":{"start":{"line":58,"column":2},"end":{"line":60,"column":null}},"type":"if","locations":[{"start":{"line":58,"column":2},"end":{"line":60,"column":null}},{"start":{},"end":{}}],"line":58},"3":{"loc":{"start":{"line":71,"column":12},"end":{"line":71,"column":94}},"type":"cond-expr","locations":[{"start":{"line":71,"column":28},"end":{"line":71,"column":92}},{"start":{"line":71,"column":92},"end":{"line":71,"column":94}}],"line":71},"4":{"loc":{"start":{"line":73,"column":10},"end":{"line":73,"column":102}},"type":"cond-expr","locations":[{"start":{"line":73,"column":30},"end":{"line":73,"column":100}},{"start":{"line":73,"column":100},"end":{"line":73,"column":102}}],"line":73},"5":{"loc":{"start":{"line":77,"column":2},"end":{"line":79,"column":null}},"type":"if","locations":[{"start":{"line":77,"column":2},"end":{"line":79,"column":null}},{"start":{},"end":{}}],"line":77},"6":{"loc":{"start":{"line":81,"column":2},"end":{"line":84,"column":null}},"type":"if","locations":[{"start":{"line":81,"column":2},"end":{"line":84,"column":null}},{"start":{},"end":{}}],"line":81},"7":{"loc":{"start":{"line":82,"column":16},"end":{"line":82,"column":null}},"type":"cond-expr","locations":[{"start":{"line":82,"column":54},"end":{"line":82,"column":72}},{"start":{"line":82,"column":72},"end":{"line":82,"column":null}}],"line":82},"8":{"loc":{"start":{"line":92,"column":2},"end":{"line":92,"column":null}},"type":"if","locations":[{"start":{"line":92,"column":2},"end":{"line":92,"column":null}},{"start":{},"end":{}}],"line":92},"9":{"loc":{"start":{"line":99,"column":2},"end":{"line":135,"column":null}},"type":"switch","locations":[{"start":{"line":100,"column":4},"end":{"line":102,"column":null}},{"start":{"line":104,"column":4},"end":{"line":116,"column":null}},{"start":{"line":118,"column":4},"end":{"line":130,"column":null}},{"start":{"line":132,"column":4},"end":{"line":134,"column":null}}],"line":99},"10":{"loc":{"start":{"line":105,"column":6},"end":{"line":115,"column":null}},"type":"if","locations":[{"start":{"line":105,"column":6},"end":{"line":115,"column":null}},{"start":{},"end":{}}],"line":105},"11":{"loc":{"start":{"line":108,"column":18},"end":{"line":108,"column":null}},"type":"binary-expr","locations":[{"start":{"line":108,"column":18},"end":{"line":108,"column":34}},{"start":{"line":108,"column":34},"end":{"line":108,"column":null}}],"line":108},"12":{"loc":{"start":{"line":109,"column":18},"end":{"line":109,"column":null}},"type":"binary-expr","locations":[{"start":{"line":109,"column":18},"end":{"line":109,"column":34}},{"start":{"line":109,"column":34},"end":{"line":109,"column":null}}],"line":109},"13":{"loc":{"start":{"line":110,"column":17},"end":{"line":110,"column":null}},"type":"binary-expr","locations":[{"start":{"line":110,"column":17},"end":{"line":110,"column":32}},{"start":{"line":110,"column":32},"end":{"line":110,"column":null}}],"line":110},"14":{"loc":{"start":{"line":119,"column":6},"end":{"line":129,"column":null}},"type":"if","locations":[{"start":{"line":119,"column":6},"end":{"line":129,"column":null}},{"start":{},"end":{}}],"line":119},"15":{"loc":{"start":{"line":121,"column":8},"end":{"line":128,"column":null}},"type":"if","locations":[{"start":{"line":121,"column":8},"end":{"line":128,"column":null}},{"start":{},"end":{}}],"line":121},"16":{"loc":{"start":{"line":122,"column":24},"end":{"line":122,"column":null}},"type":"binary-expr","locations":[{"start":{"line":122,"column":24},"end":{"line":122,"column":40}},{"start":{"line":122,"column":40},"end":{"line":122,"column":null}}],"line":122},"17":{"loc":{"start":{"line":123,"column":26},"end":{"line":123,"column":null}},"type":"binary-expr","locations":[{"start":{"line":123,"column":26},"end":{"line":123,"column":44}},{"start":{"line":123,"column":44},"end":{"line":123,"column":null}}],"line":123},"18":{"loc":{"start":{"line":146,"column":2},"end":{"line":146,"column":null}},"type":"if","locations":[{"start":{"line":146,"column":2},"end":{"line":146,"column":null}},{"start":{},"end":{}}],"line":146},"19":{"loc":{"start":{"line":153,"column":4},"end":{"line":154,"column":null}},"type":"if","locations":[{"start":{"line":153,"column":4},"end":{"line":154,"column":null}},{"start":{"line":153,"column":34},"end":{"line":154,"column":null}}],"line":153},"20":{"loc":{"start":{"line":153,"column":34},"end":{"line":154,"column":null}},"type":"if","locations":[{"start":{"line":153,"column":34},"end":{"line":154,"column":null}},{"start":{},"end":{}}],"line":153},"21":{"loc":{"start":{"line":154,"column":13},"end":{"line":154,"column":68}},"type":"binary-expr","locations":[{"start":{"line":154,"column":13},"end":{"line":154,"column":41}},{"start":{"line":154,"column":41},"end":{"line":154,"column":68}}],"line":154},"22":{"loc":{"start":{"line":160,"column":33},"end":{"line":160,"column":65}},"type":"cond-expr","locations":[{"start":{"line":160,"column":46},"end":{"line":160,"column":57}},{"start":{"line":160,"column":57},"end":{"line":160,"column":65}}],"line":160},"23":{"loc":{"start":{"line":163,"column":2},"end":{"line":163,"column":null}},"type":"if","locations":[{"start":{"line":163,"column":2},"end":{"line":163,"column":null}},{"start":{},"end":{}}],"line":163},"24":{"loc":{"start":{"line":163,"column":45},"end":{"line":163,"column":null}},"type":"cond-expr","locations":[{"start":{"line":163,"column":58},"end":{"line":163,"column":64}},{"start":{"line":163,"column":64},"end":{"line":163,"column":null}}],"line":163},"25":{"loc":{"start":{"line":164,"column":2},"end":{"line":164,"column":null}},"type":"if","locations":[{"start":{"line":164,"column":2},"end":{"line":164,"column":null}},{"start":{},"end":{}}],"line":164},"26":{"loc":{"start":{"line":164,"column":47},"end":{"line":164,"column":null}},"type":"cond-expr","locations":[{"start":{"line":164,"column":60},"end":{"line":164,"column":76}},{"start":{"line":164,"column":76},"end":{"line":164,"column":null}}],"line":164},"27":{"loc":{"start":{"line":165,"column":2},"end":{"line":165,"column":null}},"type":"if","locations":[{"start":{"line":165,"column":2},"end":{"line":165,"column":null}},{"start":{},"end":{}}],"line":165},"28":{"loc":{"start":{"line":166,"column":2},"end":{"line":166,"column":null}},"type":"if","locations":[{"start":{"line":166,"column":2},"end":{"line":166,"column":null}},{"start":{},"end":{}}],"line":166},"29":{"loc":{"start":{"line":167,"column":2},"end":{"line":167,"column":null}},"type":"if","locations":[{"start":{"line":167,"column":2},"end":{"line":167,"column":null}},{"start":{},"end":{}}],"line":167},"30":{"loc":{"start":{"line":177,"column":2},"end":{"line":177,"column":null}},"type":"if","locations":[{"start":{"line":177,"column":2},"end":{"line":177,"column":null}},{"start":{},"end":{}}],"line":177},"31":{"loc":{"start":{"line":179,"column":2},"end":{"line":185,"column":null}},"type":"if","locations":[{"start":{"line":179,"column":2},"end":{"line":185,"column":null}},{"start":{},"end":{}}],"line":179},"32":{"loc":{"start":{"line":180,"column":4},"end":{"line":183,"column":null}},"type":"if","locations":[{"start":{"line":180,"column":4},"end":{"line":183,"column":null}},{"start":{},"end":{}}],"line":180},"33":{"loc":{"start":{"line":188,"column":2},"end":{"line":191,"column":null}},"type":"if","locations":[{"start":{"line":188,"column":2},"end":{"line":191,"column":null}},{"start":{},"end":{}}],"line":188},"34":{"loc":{"start":{"line":189,"column":4},"end":{"line":189,"column":null}},"type":"if","locations":[{"start":{"line":189,"column":4},"end":{"line":189,"column":null}},{"start":{},"end":{}}],"line":189},"35":{"loc":{"start":{"line":190,"column":4},"end":{"line":190,"column":null}},"type":"if","locations":[{"start":{"line":190,"column":4},"end":{"line":190,"column":null}},{"start":{},"end":{}}],"line":190},"36":{"loc":{"start":{"line":190,"column":55},"end":{"line":190,"column":null}},"type":"binary-expr","locations":[{"start":{"line":190,"column":55},"end":{"line":190,"column":84}},{"start":{"line":190,"column":84},"end":{"line":190,"column":null}}],"line":190},"37":{"loc":{"start":{"line":194,"column":2},"end":{"line":194,"column":null}},"type":"if","locations":[{"start":{"line":194,"column":2},"end":{"line":194,"column":null}},{"start":{},"end":{}}],"line":194},"38":{"loc":{"start":{"line":200,"column":17},"end":{"line":200,"column":null}},"type":"binary-expr","locations":[{"start":{"line":200,"column":17},"end":{"line":200,"column":32}},{"start":{"line":200,"column":32},"end":{"line":200,"column":null}}],"line":200},"39":{"loc":{"start":{"line":207,"column":2},"end":{"line":209,"column":null}},"type":"if","locations":[{"start":{"line":207,"column":2},"end":{"line":209,"column":null}},{"start":{},"end":{}}],"line":207}},"s":{"0":1,"1":1,"2":28,"3":28,"4":28,"5":28,"6":2,"7":28,"8":28,"9":1,"10":28,"11":2,"12":2,"13":28,"14":28,"15":13,"16":13,"17":6,"18":7,"19":12,"20":7,"21":17,"22":1,"23":7,"24":7,"25":7,"26":7,"27":6,"28":6,"29":6,"30":6,"31":6,"32":6,"33":6,"34":6,"35":6,"36":6,"37":3,"38":3,"39":4,"40":4,"41":4,"42":4,"43":4,"44":4,"45":4,"46":1,"47":3,"48":3,"49":3,"50":3,"51":8,"52":6,"53":2,"54":0,"55":8,"56":3,"57":3,"58":4,"59":4,"60":3,"61":3,"62":3,"63":3,"64":3,"65":3,"66":3,"67":3,"68":3,"69":4,"70":4,"71":4,"72":4,"73":4,"74":4,"75":3,"76":4,"77":1,"78":1,"79":1,"80":1,"81":3,"82":3,"83":2,"84":3,"85":2,"86":3,"87":2,"88":3,"89":3,"90":4,"91":1,"92":0,"93":0,"94":0,"95":1,"96":0,"97":1,"98":0,"99":1,"100":1,"101":1,"102":1,"103":1,"104":1},"f":{"0":28,"1":13,"2":12,"3":17,"4":4,"5":8,"6":4,"7":0,"8":0,"9":0,"10":1,"11":1},"b":{"0":[28,0],"1":[28,1,0],"2":[2,26],"3":[28,0],"4":[19,9],"5":[1,27],"6":[2,26],"7":[1,1],"8":[6,7],"9":[1,7,6,3],"10":[7,0],"11":[7,0],"12":[7,1],"13":[7,5],"14":[6,0],"15":[6,0],"16":[6,0],"17":[6,0],"18":[1,3],"19":[6,2],"20":[0,2],"21":[2,2],"22":[0,3],"23":[3,1],"24":[0,3],"25":[3,0],"26":[0,3],"27":[3,0],"28":[3,0],"29":[3,0],"30":[3,1],"31":[1,3],"32":[1,0],"33":[3,0],"34":[2,1],"35":[2,1],"36":[2,1],"37":[2,1],"38":[3,0],"39":[0,0]},"meta":{"lastBranch":40,"lastFunction":12,"lastStatement":105,"seen":{"s:44:12:48:Infinity":0,"s:51:38:51:Infinity":1,"f:53:16:53:27":0,"s:54:22:54:Infinity":2,"b:54:22:54:37:54:37:54:Infinity":0,"s:55:24:55:Infinity":3,"b:55:24:55:39:55:39:55:53:55:53:55:Infinity":1,"s:56:27:56:Infinity":4,"b:58:2:60:Infinity:undefined:undefined:undefined:undefined":2,"s:58:2:60:Infinity":5,"s:59:4:59:Infinity":6,"s:62:13:73:Infinity":7,"b:71:28:71:92:71:92:71:94":3,"b:73:30:73:100:73:100:73:102":4,"b:77:2:79:Infinity:undefined:undefined:undefined:undefined":5,"s:77:2:79:Infinity":8,"s:78:4:78:Infinity":9,"b:81:2:84:Infinity:undefined:undefined:undefined:undefined":6,"s:81:2:84:Infinity":10,"s:82:16:82:Infinity":11,"b:82:54:82:72:82:72:82:Infinity":7,"s:83:4:83:Infinity":12,"s:86:2:86:Infinity":13,"s:87:2:87:Infinity":14,"f:90:16:90:40":1,"s:91:20:91:Infinity":15,"b:92:2:92:Infinity:undefined:undefined:undefined:undefined":8,"s:92:2:92:Infinity":16,"s:92:18:92:Infinity":17,"s:94:22:94:Infinity":18,"f:94:54:94:55":2,"s:94:64:94:83":19,"s:95:2:95:Infinity":20,"f:98:16:98:29":3,"b:100:4:102:Infinity:104:4:116:Infinity:118:4:130:Infinity:132:4:134:Infinity":9,"s:99:2:135:Infinity":21,"s:102:6:102:Infinity":22,"b:105:6:115:Infinity:undefined:undefined:undefined:undefined":10,"s:105:6:115:Infinity":23,"s:106:8:113:Infinity":24,"b:108:18:108:34:108:34:108:Infinity":11,"b:109:18:109:34:109:34:109:Infinity":12,"b:110:17:110:32:110:32:110:Infinity":13,"s:114:8:114:Infinity":25,"s:116:6:116:Infinity":26,"b:119:6:129:Infinity:undefined:undefined:undefined:undefined":14,"s:119:6:129:Infinity":27,"s:120:21:120:Infinity":28,"b:121:8:128:Infinity:undefined:undefined:undefined:undefined":15,"s:121:8:128:Infinity":29,"s:122:10:122:Infinity":30,"b:122:24:122:40:122:40:122:Infinity":16,"s:123:10:123:Infinity":31,"b:123:26:123:44:123:44:123:Infinity":17,"s:124:10:124:Infinity":32,"s:125:10:125:Infinity":33,"s:126:10:126:Infinity":34,"s:127:10:127:Infinity":35,"s:130:6:130:Infinity":36,"s:133:6:133:Infinity":37,"s:134:6:134:Infinity":38,"f:138:16:138:36":4,"s:139:18:139:Infinity":39,"s:140:22:140:Infinity":40,"s:141:23:141:Infinity":41,"s:142:22:142:Infinity":42,"s:143:22:143:Infinity":43,"s:144:24:144:Infinity":44,"b:146:2:146:Infinity:undefined:undefined:undefined:undefined":18,"s:146:2:146:Infinity":45,"s:146:16:146:Infinity":46,"s:148:15:148:Infinity":47,"s:149:15:149:Infinity":48,"s:150:17:150:Infinity":49,"s:152:2:156:Infinity":50,"f:152:16:152:17":5,"b:153:4:154:Infinity:153:34:154:Infinity":19,"s:153:4:154:Infinity":51,"s:153:34:153:Infinity":52,"b:153:34:154:Infinity:undefined:undefined:undefined:undefined":20,"s:153:34:154:Infinity":53,"b:154:13:154:41:154:41:154:68":21,"s:154:68:154:Infinity":54,"s:155:4:155:Infinity":55,"s:158:21:158:Infinity":56,"s:160:2:160:Infinity":57,"b:160:46:160:57:160:57:160:65":22,"s:161:2:161:Infinity":58,"b:163:2:163:Infinity:undefined:undefined:undefined:undefined":23,"s:163:2:163:Infinity":59,"s:163:19:163:Infinity":60,"b:163:58:163:64:163:64:163:Infinity":24,"b:164:2:164:Infinity:undefined:undefined:undefined:undefined":25,"s:164:2:164:Infinity":61,"s:164:20:164:Infinity":62,"b:164:60:164:76:164:76:164:Infinity":26,"b:165:2:165:Infinity:undefined:undefined:undefined:undefined":27,"s:165:2:165:Infinity":63,"s:165:19:165:Infinity":64,"b:166:2:166:Infinity:undefined:undefined:undefined:undefined":28,"s:166:2:166:Infinity":65,"s:166:19:166:Infinity":66,"b:167:2:167:Infinity:undefined:undefined:undefined:undefined":29,"s:167:2:167:Infinity":67,"s:167:21:167:Infinity":68,"f:170:16:170:34":6,"s:171:18:171:Infinity":69,"s:172:20:172:Infinity":70,"s:173:19:173:Infinity":71,"s:174:19:174:Infinity":72,"s:175:26:175:Infinity":73,"b:177:2:177:Infinity:undefined:undefined:undefined:undefined":30,"s:177:2:177:Infinity":74,"s:177:15:177:Infinity":75,"b:179:2:185:Infinity:undefined:undefined:undefined:undefined":31,"s:179:2:185:Infinity":76,"b:180:4:183:Infinity:undefined:undefined:undefined:undefined":32,"s:180:4:183:Infinity":77,"s:181:6:181:Infinity":78,"s:182:6:182:Infinity":79,"s:184:4:184:Infinity":80,"b:188:2:191:Infinity:undefined:undefined:undefined:undefined":33,"s:188:2:191:Infinity":81,"b:189:4:189:Infinity:undefined:undefined:undefined:undefined":34,"s:189:4:189:Infinity":82,"s:189:18:189:Infinity":83,"b:190:4:190:Infinity:undefined:undefined:undefined:undefined":35,"s:190:4:190:Infinity":84,"s:190:25:190:Infinity":85,"b:190:55:190:84:190:84:190:Infinity":36,"b:194:2:194:Infinity:undefined:undefined:undefined:undefined":37,"s:194:2:194:Infinity":86,"s:194:17:194:Infinity":87,"s:197:2:197:Infinity":88,"s:200:17:200:Infinity":89,"b:200:17:200:32:200:32:200:Infinity":38,"s:201:2:201:Infinity":90,"s:205:0:210:Infinity":91,"f:205:19:205:20":7,"s:206:2:206:Infinity":92,"b:207:2:209:Infinity:undefined:undefined:undefined:undefined":39,"s:207:2:209:Infinity":93,"s:208:4:208:Infinity":94,"s:213:0:215:Infinity":95,"f:213:27:213:28":8,"s:214:2:214:Infinity":96,"s:218:0:220:Infinity":97,"f:218:14:218:15":9,"s:219:2:219:Infinity":98,"s:223:0:243:Infinity":99,"f:223:19:223:25":10,"s:224:2:224:Infinity":100,"s:225:14:225:Infinity":101,"s:226:2:226:Infinity":102,"f:227:9:227:10":11,"s:228:2:228:Infinity":103,"s:230:2:242:Infinity":104}}}
,"C:\\Users\\shuam\\OneDrive\\Documents\\github projects\\checkmate-mcp\\ui-src\\utils.ts": {"path":"C:\\Users\\shuam\\OneDrive\\Documents\\github projects\\checkmate-mcp\\ui-src\\utils.ts","statementMap":{"0":{"start":{"line":2,"column":14},"end":{"line":2,"column":null}},"1":{"start":{"line":3,"column":2},"end":{"line":3,"column":null}},"2":{"start":{"line":4,"column":2},"end":{"line":4,"column":null}},"3":{"start":{"line":8,"column":2},"end":{"line":8,"column":null}},"4":{"start":{"line":8,"column":17},"end":{"line":8,"column":null}},"5":{"start":{"line":9,"column":2},"end":{"line":9,"column":null}}},"fnMap":{"0":{"name":"escapeHtml","decl":{"start":{"line":1,"column":16},"end":{"line":1,"column":27}},"loc":{"start":{"line":1,"column":48},"end":{"line":5,"column":null}},"line":1},"1":{"name":"formatDuration","decl":{"start":{"line":7,"column":16},"end":{"line":7,"column":31}},"loc":{"start":{"line":7,"column":51},"end":{"line":10,"column":null}},"line":7}},"branchMap":{"0":{"loc":{"start":{"line":8,"column":2},"end":{"line":8,"column":null}},"type":"if","locations":[{"start":{"line":8,"column":2},"end":{"line":8,"column":null}},{"start":{},"end":{}}],"line":8}},"s":{"0":73,"1":73,"2":73,"3":28,"4":24,"5":4},"f":{"0":73,"1":28},"b":{"0":[24,4]},"meta":{"lastBranch":1,"lastFunction":2,"lastStatement":6,"seen":{"f:1:16:1:27":0,"s:2:14:2:Infinity":0,"s:3:2:3:Infinity":1,"s:4:2:4:Infinity":2,"f:7:16:7:31":1,"b:8:2:8:Infinity:undefined:undefined:undefined:undefined":0,"s:8:2:8:Infinity":3,"s:8:17:8:Infinity":4,"s:9:2:9:Infinity":5}}}
}
